SF:lib/ui/onboard/wallet_setup_screen.dart
DA:17,1
DA:19,1
DA:20,1
DA:24,1
DA:26,1
DA:27,0
DA:28,1
DA:29,1
DA:30,1
DA:32,1
DA:34,0
DA:35,0
DA:57,1
DA:58,1
DA:60,1
DA:62,1
DA:63,1
DA:64,1
DA:65,1
DA:69,1
DA:76,1
DA:78,0
DA:79,0
DA:81,1
DA:82,1
DA:85,0
DA:86,0
DA:89,1
LF:28
LH:21
end_of_record
SF:lib/ui/screens/onboarding/onboard_screen.dart
DA:13,2
DA:15,1
DA:16,1
DA:22,1
DA:24,2
DA:25,1
DA:28,1
DA:30,1
DA:31,1
DA:32,1
DA:35,1
DA:36,1
DA:50,1
DA:51,1
DA:52,1
DA:54,1
DA:57,0
DA:62,1
DA:65,1
DA:66,2
DA:69,1
LF:21
LH:20
end_of_record
SF:lib/utils/test_utils.dart
DA:29,1
DA:30,1
DA:31,2
DA:32,1
DA:34,1
DA:35,2
DA:36,1
DA:37,1
DA:39,0
DA:40,0
DA:41,0
DA:43,0
DA:44,0
DA:45,0
DA:47,0
DA:48,0
DA:50,0
DA:51,0
DA:52,0
DA:53,0
DA:54,0
DA:56,0
DA:57,0
DA:58,0
DA:60,0
DA:61,0
DA:62,0
DA:64,0
DA:65,0
DA:66,0
DA:67,0
DA:71,0
DA:72,0
DA:73,0
DA:75,0
DA:76,0
DA:77,0
DA:80,0
DA:81,0
DA:82,0
DA:84,0
DA:85,0
DA:86,0
DA:88,0
DA:89,0
DA:90,0
DA:91,0
DA:92,0
DA:94,0
DA:97,0
DA:99,0
DA:100,0
DA:101,0
DA:111,0
DA:112,0
DA:113,0
DA:114,0
DA:115,0
DA:116,0
DA:117,0
DA:118,0
DA:125,0
DA:126,0
DA:127,0
DA:129,0
DA:131,0
DA:132,0
DA:139,0
DA:141,0
DA:142,0
DA:144,0
DA:146,0
DA:147,0
DA:148,0
DA:149,0
DA:157,0
DA:158,0
DA:159,0
DA:160,0
DA:162,0
DA:163,0
DA:169,0
DA:171,0
DA:172,0
DA:173,0
DA:174,0
DA:175,0
DA:176,0
LF:88
LH:8
end_of_record
SF:lib/constant.dart
DA:8,1
DA:9,1
DA:10,1
DA:11,1
DA:12,1
DA:13,1
DA:14,1
DA:20,1
DA:21,1
DA:22,1
DA:23,1
DA:24,1
DA:30,1
DA:31,1
DA:32,1
DA:33,1
DA:34,1
LF:17
LH:17
end_of_record
SF:lib/l10n/transalation.dart
DA:6,1
DA:8,1
DA:9,2
DA:12,1
DA:19,1
DA:21,1
DA:24,1
DA:28,1
DA:31,1
DA:39,1
DA:40,1
DA:43,0
DA:48,3
DA:88,1
DA:90,1
DA:91,1
DA:193,1
DA:195,1
DA:196,1
DA:215,0
DA:255,0
DA:257,0
DA:258,0
DA:360,0
DA:362,0
DA:363,0
DA:381,1
DA:382,2
LF:28
LH:20
end_of_record
SF:lib/core/ERC20.dart
DA:5,0
DA:11,0
DA:15,0
DA:22,0
DA:24,0
DA:25,0
DA:26,0
DA:27,0
DA:28,0
DA:36,0
DA:39,0
DA:40,0
DA:41,0
DA:42,0
DA:50,0
DA:52,0
DA:53,0
DA:54,0
DA:55,0
DA:56,0
DA:64,0
DA:65,0
DA:66,0
DA:67,0
DA:68,0
DA:69,0
DA:77,0
DA:78,0
DA:79,0
DA:80,0
DA:81,0
DA:82,0
DA:90,0
DA:91,0
DA:92,0
DA:93,0
DA:94,0
DA:95,0
DA:103,0
DA:104,0
DA:105,0
DA:106,0
DA:107,0
DA:108,0
DA:116,0
DA:119,0
DA:120,0
DA:121,0
DA:122,0
DA:130,0
DA:134,0
DA:135,0
DA:136,0
DA:137,0
DA:141,0
DA:143,0
DA:144,0
DA:145,0
DA:146,0
DA:147,0
DA:148,0
DA:153,0
DA:155,0
DA:156,0
DA:157,0
DA:158,0
DA:159,0
DA:160,0
DA:167,0
DA:168,0
DA:169,0
DA:170,0
DA:181,0
DA:182,0
DA:183,0
DA:184,0
LF:76
LH:0
end_of_record
SF:lib/core/bloc/collectible-bloc/cubit/collectible_cubit.dart
DA:22,0
DA:23,0
DA:25,0
DA:26,0
DA:29,0
DA:30,0
DA:32,0
DA:34,0
DA:35,0
DA:36,0
DA:39,0
DA:44,0
DA:45,0
DA:46,0
DA:47,0
DA:48,0
DA:49,0
DA:50,0
DA:52,0
DA:53,0
DA:55,0
DA:56,0
DA:58,0
DA:59,0
DA:60,0
DA:62,0
DA:63,0
DA:64,0
DA:65,0
DA:66,0
DA:68,0
DA:71,0
DA:73,0
DA:74,0
DA:77,0
DA:78,0
DA:80,0
DA:82,0
DA:86,0
DA:91,0
DA:93,0
DA:94,0
DA:95,0
DA:96,0
DA:99,0
DA:101,0
DA:104,0
DA:105,0
DA:106,0
DA:107,0
DA:108,0
DA:109,0
DA:110,0
DA:111,0
DA:114,0
DA:125,0
DA:126,0
DA:127,0
DA:128,0
DA:129,0
DA:130,0
DA:131,0
DA:132,0
DA:133,0
DA:135,0
DA:136,0
DA:138,0
DA:139,0
DA:140,0
DA:142,0
DA:143,0
DA:144,0
DA:146,0
DA:147,0
DA:148,0
DA:149,0
DA:150,0
DA:153,0
DA:155,0
DA:157,0
DA:158,0
DA:159,0
DA:160,0
DA:161,0
DA:162,0
DA:165,0
DA:166,0
DA:168,0
DA:169,0
DA:170,0
DA:172,0
DA:173,0
DA:175,0
DA:176,0
DA:178,0
DA:179,0
LF:96
LH:0
end_of_record
SF:lib/core/bloc/collectible-bloc/cubit/collectible_state.dart
DA:5,1
DA:7,0
DA:8,0
DA:16,0
DA:20,0
DA:23,0
DA:27,0
DA:32,1
LF:8
LH:2
end_of_record
SF:lib/core/bloc/wallet-bloc/cubit/wallet_state.dart
DA:24,0
DA:41,0
DA:52,0
DA:59,0
DA:70,0
DA:77,0
DA:88,0
DA:95,0
DA:106,0
DA:113,0
DA:124,0
DA:131,0
DA:142,0
DA:149,0
DA:160,0
DA:167,0
DA:178,0
DA:185,0
DA:196,0
DA:203,0
DA:214,0
DA:222,0
DA:234,0
DA:242,0
DA:254,0
DA:260,0
DA:271,0
LF:27
LH:0
end_of_record
SF:lib/core/bloc/wallet-bloc/cubit/wallet_cubit.dart
DA:32,0
DA:36,0
DA:38,0
DA:39,0
DA:41,0
DA:42,0
DA:43,0
DA:44,0
DA:47,0
DA:51,0
DA:52,0
DA:53,0
DA:55,0
DA:56,0
DA:59,0
DA:60,0
DA:63,0
DA:64,0
DA:70,0
DA:72,0
DA:75,0
DA:78,0
DA:79,0
DA:80,0
DA:83,0
DA:86,0
DA:103,0
DA:105,0
DA:106,0
DA:108,0
DA:111,0
DA:113,0
DA:114,0
DA:117,0
DA:118,0
DA:121,0
DA:123,0
DA:124,0
DA:125,0
DA:126,0
DA:127,0
DA:128,0
DA:131,0
DA:132,0
DA:133,0
DA:134,0
DA:135,0
DA:136,0
DA:137,0
DA:138,0
DA:139,0
DA:140,0
DA:141,0
DA:142,0
DA:143,0
DA:144,0
DA:145,0
DA:151,0
DA:156,0
DA:157,0
DA:159,0
DA:160,0
DA:161,0
DA:162,0
DA:164,0
DA:165,0
DA:166,0
DA:167,0
DA:170,0
DA:172,0
DA:173,0
DA:174,0
DA:175,0
DA:176,0
DA:177,0
DA:180,0
DA:181,0
DA:182,0
DA:183,0
DA:184,0
DA:185,0
DA:186,0
DA:187,0
DA:188,0
DA:189,0
DA:190,0
DA:191,0
DA:192,0
DA:193,0
DA:194,0
DA:195,0
DA:203,0
DA:204,0
DA:205,0
DA:206,0
DA:207,0
DA:208,0
DA:209,0
DA:210,0
DA:211,0
DA:212,0
DA:213,0
DA:214,0
DA:215,0
DA:216,0
DA:217,0
DA:218,0
DA:219,0
DA:220,0
DA:221,0
DA:224,0
DA:225,0
DA:226,0
DA:227,0
DA:228,0
DA:229,0
DA:230,0
DA:231,0
DA:232,0
DA:233,0
DA:234,0
DA:235,0
DA:236,0
DA:237,0
DA:238,0
DA:239,0
DA:248,0
DA:250,0
DA:251,0
DA:252,0
DA:253,0
DA:256,0
DA:257,0
DA:258,0
DA:259,0
DA:260,0
DA:264,0
DA:265,0
DA:267,0
DA:268,0
DA:269,0
DA:270,0
DA:271,0
DA:272,0
DA:273,0
DA:274,0
DA:275,0
DA:276,0
DA:278,0
DA:280,0
DA:282,0
DA:283,0
DA:284,0
DA:285,0
DA:287,0
DA:290,0
DA:291,0
DA:292,0
DA:293,0
DA:294,0
DA:295,0
DA:296,0
DA:297,0
DA:298,0
DA:299,0
DA:300,0
DA:301,0
DA:302,0
DA:303,0
DA:307,0
DA:308,0
DA:309,0
DA:310,0
DA:311,0
DA:312,0
DA:313,0
DA:314,0
DA:315,0
DA:316,0
DA:317,0
DA:321,0
DA:327,0
DA:330,0
DA:331,0
DA:332,0
DA:333,0
DA:334,0
DA:336,0
DA:337,0
DA:338,0
DA:339,0
DA:342,0
DA:345,0
DA:346,0
DA:347,0
DA:350,0
DA:351,0
DA:353,0
DA:354,0
DA:355,0
DA:358,0
DA:359,0
DA:360,0
DA:362,0
DA:364,0
DA:365,0
DA:366,0
DA:369,0
DA:370,0
DA:371,0
DA:372,0
DA:374,0
DA:377,0
DA:378,0
DA:379,0
DA:380,0
DA:381,0
DA:382,0
DA:383,0
DA:384,0
DA:385,0
DA:386,0
DA:387,0
DA:390,0
DA:391,0
DA:392,0
DA:393,0
DA:394,0
DA:395,0
DA:396,0
DA:397,0
DA:398,0
DA:401,0
DA:402,0
DA:404,0
DA:405,0
DA:406,0
DA:407,0
DA:408,0
DA:409,0
DA:410,0
DA:411,0
DA:412,0
DA:413,0
DA:415,0
DA:416,0
DA:417,0
DA:418,0
DA:420,0
DA:421,0
DA:422,0
DA:423,0
DA:424,0
DA:425,0
DA:426,0
DA:428,0
DA:429,0
DA:430,0
DA:431,0
DA:432,0
DA:433,0
DA:434,0
DA:435,0
DA:436,0
DA:438,0
DA:440,0
DA:442,0
DA:443,0
DA:444,0
DA:445,0
DA:448,0
DA:449,0
DA:451,0
DA:452,0
DA:454,0
DA:455,0
DA:456,0
DA:457,0
DA:458,0
DA:459,0
DA:460,0
DA:461,0
DA:462,0
DA:463,0
DA:464,0
DA:466,0
DA:467,0
DA:468,0
DA:469,0
DA:470,0
DA:471,0
DA:472,0
DA:473,0
DA:474,0
DA:475,0
DA:476,0
DA:477,0
DA:481,0
DA:482,0
DA:483,0
DA:485,0
DA:486,0
DA:487,0
DA:488,0
DA:489,0
DA:492,0
DA:493,0
DA:494,0
DA:495,0
DA:496,0
DA:497,0
DA:498,0
DA:499,0
DA:500,0
DA:502,0
DA:503,0
DA:504,0
DA:508,0
DA:509,0
DA:510,0
DA:512,0
DA:513,0
DA:514,0
DA:515,0
DA:516,0
DA:517,0
DA:518,0
DA:519,0
DA:522,0
DA:523,0
DA:524,0
DA:525,0
DA:527,0
DA:528,0
DA:529,0
DA:530,0
DA:531,0
DA:532,0
DA:533,0
DA:538,0
DA:539,0
DA:540,0
DA:541,0
DA:542,0
DA:543,0
DA:544,0
DA:545,0
DA:546,0
DA:547,0
DA:548,0
DA:549,0
DA:550,0
DA:551,0
DA:552,0
DA:556,0
DA:557,0
DA:558,0
DA:559,0
DA:560,0
DA:561,0
DA:562,0
DA:563,0
DA:564,0
DA:565,0
DA:567,0
DA:568,0
DA:569,0
DA:573,0
DA:574,0
DA:575,0
DA:577,0
DA:578,0
DA:579,0
DA:580,0
DA:582,0
DA:583,0
DA:586,0
DA:588,0
DA:589,0
DA:590,0
DA:591,0
DA:592,0
DA:594,0
DA:597,0
DA:598,0
DA:599,0
DA:600,0
DA:601,0
DA:602,0
DA:603,0
DA:606,0
DA:607,0
DA:609,0
DA:610,0
DA:611,0
DA:612,0
DA:613,0
DA:614,0
DA:615,0
DA:616,0
DA:617,0
DA:620,0
DA:621,0
DA:623,0
DA:624,0
DA:625,0
DA:626,0
DA:627,0
DA:628,0
DA:629,0
DA:630,0
DA:631,0
DA:636,0
DA:638,0
DA:641,0
DA:642,0
DA:643,0
DA:644,0
DA:645,0
DA:646,0
DA:648,0
DA:649,0
DA:650,0
DA:652,0
DA:653,0
DA:654,0
DA:656,0
DA:657,0
DA:658,0
DA:662,0
DA:663,0
DA:664,0
DA:665,0
DA:667,0
DA:669,0
DA:670,0
DA:671,0
DA:673,0
DA:674,0
DA:676,0
DA:677,0
DA:678,0
DA:679,0
DA:680,0
DA:681,0
DA:682,0
DA:683,0
DA:684,0
DA:685,0
DA:687,0
DA:688,0
DA:689,0
DA:691,0
DA:692,0
DA:693,0
DA:694,0
DA:695,0
DA:696,0
DA:697,0
DA:698,0
DA:699,0
DA:700,0
DA:701,0
DA:702,0
DA:703,0
DA:706,0
DA:710,0
DA:718,0
DA:720,0
DA:721,0
DA:722,0
DA:723,0
DA:725,0
DA:726,0
DA:727,0
DA:728,0
DA:729,0
DA:730,0
DA:731,0
DA:732,0
DA:735,0
DA:736,0
DA:737,0
DA:739,0
DA:740,0
DA:741,0
DA:742,0
DA:743,0
DA:744,0
DA:745,0
DA:746,0
DA:747,0
DA:748,0
DA:749,0
DA:751,0
DA:754,0
DA:755,0
DA:757,0
DA:758,0
DA:759,0
DA:760,0
DA:761,0
DA:762,0
DA:763,0
DA:764,0
DA:765,0
DA:766,0
DA:767,0
DA:768,0
DA:769,0
DA:774,0
DA:775,0
DA:776,0
DA:777,0
DA:778,0
DA:781,0
DA:790,0
DA:796,0
DA:797,0
DA:798,0
DA:801,0
DA:802,0
DA:803,0
DA:804,0
DA:805,0
DA:806,0
DA:811,0
DA:812,0
DA:813,0
DA:814,0
DA:815,0
DA:816,0
DA:817,0
DA:818,0
DA:819,0
DA:820,0
DA:822,0
DA:826,0
DA:827,0
DA:829,0
DA:830,0
DA:831,0
DA:833,0
DA:834,0
DA:835,0
DA:836,0
DA:839,0
DA:840,0
DA:843,0
DA:844,0
DA:845,0
DA:846,0
DA:847,0
DA:848,0
DA:849,0
DA:851,0
DA:855,0
DA:856,0
DA:858,0
DA:859,0
DA:860,0
DA:861,0
DA:863,0
DA:864,0
DA:865,0
DA:866,0
DA:869,0
DA:870,0
DA:873,0
DA:874,0
DA:875,0
DA:876,0
DA:877,0
DA:878,0
DA:879,0
DA:881,0
DA:885,0
DA:886,0
DA:888,0
DA:889,0
DA:890,0
DA:891,0
DA:893,0
DA:894,0
DA:895,0
DA:896,0
DA:899,0
DA:900,0
DA:903,0
DA:904,0
DA:905,0
DA:906,0
DA:907,0
DA:908,0
DA:910,0
DA:911,0
DA:912,0
DA:913,0
DA:914,0
DA:917,0
DA:918,0
DA:919,0
DA:927,0
DA:928,0
DA:929,0
DA:930,0
DA:931,0
DA:932,0
DA:933,0
DA:934,0
DA:935,0
DA:936,0
DA:937,0
DA:939,0
DA:940,0
DA:941,0
DA:944,0
DA:945,0
DA:946,0
DA:948,0
DA:949,0
DA:951,0
DA:957,0
DA:958,0
DA:962,0
DA:964,0
DA:966,0
DA:972,0
DA:973,0
DA:977,0
LF:630
LH:0
end_of_record
SF:lib/core/model/collectible_model.dart
DA:9,0
DA:10,0
DA:12,0
DA:17,0
DA:40,0
DA:41,0
DA:42,0
DA:43,0
DA:44,0
DA:45,0
DA:46,0
DA:47,0
DA:48,0
DA:49,0
DA:50,0
DA:51,0
DA:54,0
DA:55,0
LF:18
LH:0
end_of_record
SF:lib/core/model/collectible_model.g.dart
DA:13,0
DA:15,0
DA:16,0
DA:17,0
DA:19,0
DA:20,0
DA:21,0
DA:22,0
DA:23,0
DA:24,0
DA:28,0
DA:31,0
DA:32,0
DA:33,0
DA:34,0
DA:35,0
DA:36,0
DA:37,0
DA:38,0
DA:39,0
DA:40,0
DA:41,0
DA:44,0
DA:45,0
DA:47,0
DA:50,0
DA:51,0
DA:52,0
LF:28
LH:0
end_of_record
SF:lib/core/model/network_model.dart
DA:21,0
LF:1
LH:0
end_of_record
SF:lib/core/bloc/preference-bloc/cubit/preference_state.dart
DA:8,0
LF:1
LH:0
end_of_record
SF:lib/core/bloc/preference-bloc/cubit/preference_cubit.dart
DA:10,0
LF:1
LH:0
end_of_record
SF:lib/core/bloc/token-bloc/cubit/token_state.dart
DA:6,0
DA:14,0
DA:17,0
DA:21,0
DA:26,0
DA:31,0
LF:6
LH:0
end_of_record
SF:lib/core/bloc/token-bloc/cubit/token_cubit.dart
DA:26,0
DA:28,0
DA:29,0
DA:30,0
DA:33,0
DA:34,0
DA:36,0
DA:37,0
DA:38,0
DA:39,0
DA:40,0
DA:41,0
DA:43,0
DA:46,0
DA:51,0
DA:52,0
DA:53,0
DA:55,0
DA:56,0
DA:59,0
DA:60,0
DA:61,0
DA:62,0
DA:63,0
DA:64,0
DA:65,0
DA:69,0
DA:70,0
DA:71,0
DA:74,0
DA:75,0
DA:78,0
DA:89,0
DA:90,0
DA:91,0
DA:92,0
DA:93,0
DA:94,0
DA:96,0
DA:97,0
DA:99,0
DA:100,0
DA:101,0
DA:103,0
DA:104,0
DA:105,0
DA:107,0
DA:108,0
DA:109,0
DA:110,0
DA:113,0
DA:114,0
DA:115,0
DA:116,0
DA:117,0
DA:119,0
DA:120,0
DA:121,0
DA:123,0
DA:124,0
DA:126,0
DA:127,0
DA:128,0
DA:130,0
DA:131,0
DA:135,0
DA:151,0
DA:152,0
DA:153,0
DA:156,0
DA:157,0
DA:158,0
DA:159,0
DA:160,0
DA:161,0
DA:166,0
DA:167,0
DA:168,0
DA:169,0
DA:170,0
DA:171,0
DA:172,0
DA:173,0
DA:174,0
DA:175,0
DA:177,0
DA:181,0
DA:182,0
DA:184,0
DA:185,0
DA:186,0
DA:188,0
DA:189,0
DA:190,0
DA:191,0
DA:194,0
DA:195,0
DA:197,0
DA:198,0
DA:199,0
DA:200,0
DA:201,0
DA:202,0
DA:203,0
DA:205,0
DA:209,0
DA:210,0
DA:212,0
DA:213,0
DA:214,0
DA:215,0
DA:217,0
DA:218,0
DA:219,0
DA:220,0
DA:223,0
DA:224,0
DA:226,0
DA:227,0
DA:228,0
DA:229,0
DA:230,0
DA:231,0
DA:232,0
DA:234,0
DA:238,0
DA:239,0
DA:241,0
DA:242,0
DA:243,0
DA:244,0
DA:246,0
DA:247,0
DA:248,0
DA:249,0
DA:252,0
DA:253,0
DA:255,0
DA:256,0
DA:257,0
DA:258,0
DA:259,0
DA:261,0
DA:265,0
DA:267,0
DA:268,0
DA:269,0
DA:270,0
DA:271,0
DA:272,0
DA:273,0
DA:274,0
DA:277,0
DA:282,0
DA:283,0
DA:284,0
DA:285,0
DA:286,0
DA:289,0
DA:291,0
DA:292,0
DA:293,0
DA:294,0
DA:295,0
DA:296,0
DA:298,0
LF:166
LH:0
end_of_record
SF:lib/core/core.dart
DA:7,0
DA:25,0
DA:42,0
DA:59,0
DA:76,0
DA:112,0
DA:113,0
DA:114,0
DA:119,0
DA:124,0
DA:129,0
DA:134,0
DA:139,0
DA:144,0
DA:149,0
DA:154,0
DA:159,0
DA:160,0
DA:165,0
DA:170,0
DA:175,0
DA:180,0
DA:185,0
DA:190,0
DA:195,0
DA:200,0
DA:201,0
DA:202,0
DA:203,0
DA:204,0
DA:205,0
DA:206,0
DA:207,0
DA:208,0
DA:209,0
DA:214,0
DA:219,0
DA:220,0
DA:221,0
DA:226,0
DA:231,0
DA:236,0
DA:241,0
DA:246,0
DA:251,0
DA:256,0
DA:257,0
DA:258,0
DA:263,0
DA:268,0
DA:273,0
DA:278,0
DA:283,0
DA:288,0
DA:289,0
DA:294,0
DA:299,0
DA:304,0
DA:309,0
DA:314,0
DA:315,0
DA:320,0
DA:325,0
DA:330,0
DA:331,0
DA:336,0
DA:341,0
DA:346,0
DA:351,0
DA:356,0
DA:361,0
DA:366,0
DA:371,0
DA:376,0
DA:381,0
DA:386,0
DA:391,0
DA:396,0
DA:401,0
DA:406,0
DA:411,0
DA:416,0
DA:421,0
DA:426,0
DA:431,0
DA:436,0
DA:441,0
DA:446,0
DA:451,0
DA:456,0
DA:461,0
DA:466,0
DA:471,0
DA:476,0
DA:481,0
DA:486,0
DA:491,0
DA:496,0
DA:501,0
DA:506,0
DA:511,0
DA:516,0
DA:521,0
DA:526,0
DA:531,0
DA:536,0
DA:541,0
DA:546,0
DA:551,0
DA:556,0
DA:561,0
DA:566,0
DA:567,0
DA:568,0
DA:569,0
DA:570,0
DA:571,0
DA:572,0
DA:573,0
DA:574,0
DA:575,0
DA:576,0
DA:577,0
DA:578,0
DA:579,0
DA:580,0
DA:581,0
DA:582,0
DA:583,0
DA:588,0
DA:593,0
DA:598,0
DA:603,0
DA:604,0
DA:609,0
DA:614,0
DA:619,0
DA:624,0
DA:629,0
DA:634,0
DA:639,0
DA:644,0
DA:649,0
DA:654,0
DA:659,0
DA:664,0
DA:665,0
DA:670,0
DA:675,0
DA:680,0
DA:685,0
DA:690,0
DA:695,0
DA:696,0
DA:701,0
DA:702,0
DA:707,0
DA:708,0
DA:713,0
DA:718,0
DA:723,0
DA:724,0
DA:725,0
DA:726,0
DA:727,0
DA:728,0
DA:729,0
DA:730,0
DA:731,0
DA:732,0
DA:733,0
DA:734,0
DA:735,0
DA:736,0
DA:737,0
DA:742,0
DA:747,0
DA:752,0
DA:757,0
DA:762,0
DA:767,0
DA:772,0
DA:777,0
DA:782,0
DA:787,0
DA:792,0
DA:797,0
DA:802,0
DA:807,0
DA:812,0
DA:817,0
DA:822,0
DA:827,0
DA:832,0
DA:837,0
DA:842,0
DA:847,0
DA:848,0
DA:853,0
DA:858,0
DA:863,0
DA:868,0
DA:873,0
DA:878,0
DA:883,0
DA:888,0
DA:893,0
DA:898,0
DA:903,0
DA:908,0
DA:913,0
DA:918,0
DA:923,0
DA:928,0
DA:929,0
DA:934,0
DA:939,0
DA:944,0
DA:949,0
DA:954,0
DA:959,0
DA:964,0
DA:969,0
DA:974,0
DA:979,0
DA:984,0
DA:989,0
DA:994,0
DA:999,0
DA:1004,0
DA:1009,0
DA:1014,0
DA:1019,0
DA:1024,0
DA:1029,0
DA:1034,0
DA:1039,0
DA:1044,0
DA:1049,0
DA:1054,0
DA:1059,0
DA:1064,0
DA:1069,0
DA:1074,0
DA:1079,0
DA:1084,0
DA:1089,0
DA:1094,0
DA:1099,0
DA:1104,0
DA:1105,0
DA:1110,0
DA:1111,0
DA:1116,0
DA:1121,0
DA:1126,0
DA:1131,0
DA:1132,0
DA:1133,0
DA:1134,0
DA:1135,0
DA:1136,0
DA:1137,0
DA:1138,0
DA:1139,0
DA:1140,0
DA:1141,0
DA:1142,0
DA:1147,0
DA:1152,0
DA:1157,0
DA:1158,0
DA:1159,0
DA:1160,0
DA:1161,0
DA:1166,0
DA:1171,0
DA:1172,0
DA:1173,0
DA:1174,0
DA:1179,0
DA:1180,0
DA:1181,0
DA:1182,0
DA:1183,0
DA:1184,0
DA:1185,0
DA:1186,0
DA:1191,0
DA:1196,0
DA:1201,0
DA:1206,0
DA:1211,0
DA:1216,0
DA:1221,0
DA:1226,0
DA:1231,0
DA:1236,0
DA:1237,0
DA:1238,0
DA:1239,0
DA:1240,0
DA:1241,0
DA:1242,0
DA:1243,0
DA:1244,0
DA:1245,0
DA:1250,0
DA:1255,0
DA:1256,0
DA:1261,0
DA:1266,0
DA:1271,0
DA:1276,0
DA:1281,0
DA:1286,0
DA:1291,0
DA:1296,0
DA:1301,0
DA:1306,0
DA:1311,0
DA:1316,0
DA:1321,0
DA:1326,0
DA:1327,0
DA:1328,0
DA:1329,0
DA:1330,0
DA:1331,0
DA:1336,0
DA:1337,0
DA:1338,0
DA:1339,0
DA:1340,0
DA:1341,0
DA:1342,0
DA:1343,0
DA:1344,0
DA:1345,0
DA:1346,0
DA:1347,0
DA:1348,0
DA:1349,0
DA:1350,0
DA:1351,0
DA:1352,0
DA:1357,0
DA:1358,0
DA:1359,0
DA:1360,0
DA:1361,0
DA:1362,0
DA:1363,0
DA:1364,0
DA:1365,0
DA:1370,0
DA:1371,0
DA:1376,0
DA:1381,0
DA:1386,0
DA:1391,0
DA:1396,0
DA:1397,0
DA:1398,0
DA:1399,0
DA:1400,0
DA:1401,0
DA:1402,0
DA:1403,0
DA:1404,0
DA:1405,0
DA:1406,0
DA:1407,0
DA:1408,0
DA:1409,0
DA:1410,0
DA:1411,0
DA:1412,0
DA:1413,0
DA:1414,0
DA:1415,0
DA:1416,0
DA:1417,0
DA:1418,0
DA:1419,0
DA:1420,0
DA:1421,0
DA:1422,0
DA:1423,0
DA:1428,0
DA:1429,0
DA:1430,0
DA:1431,0
DA:1432,0
DA:1433,0
DA:1434,0
DA:1435,0
DA:1436,0
DA:1437,0
DA:1438,0
DA:1439,0
DA:1440,0
DA:1441,0
DA:1442,0
DA:1443,0
DA:1444,0
DA:1445,0
DA:1446,0
DA:1447,0
DA:1448,0
DA:1449,0
DA:1450,0
DA:1451,0
DA:1452,0
DA:1453,0
DA:1454,0
DA:1455,0
DA:1456,0
DA:1457,0
DA:1458,0
DA:1459,0
DA:1460,0
DA:1465,0
DA:1466,0
DA:1467,0
DA:1468,0
DA:1469,0
DA:1470,0
DA:1471,0
DA:1472,0
DA:1473,0
DA:1474,0
DA:1475,0
DA:1476,0
DA:1477,0
DA:1478,0
DA:1479,0
DA:1480,0
DA:1481,0
DA:1486,0
DA:1487,0
DA:1488,0
DA:1489,0
DA:1490,0
DA:1491,0
DA:1492,0
DA:1493,0
DA:1494,0
DA:1495,0
DA:1496,0
DA:1497,0
DA:1498,0
DA:1499,0
DA:1500,0
DA:1501,0
DA:1502,0
DA:1503,0
DA:1508,0
DA:1513,0
DA:1514,0
DA:1515,0
DA:1516,0
DA:1517,0
DA:1518,0
DA:1519,0
DA:1520,0
DA:1521,0
DA:1522,0
DA:1523,0
DA:1524,0
DA:1525,0
DA:1526,0
DA:1527,0
DA:1528,0
DA:1529,0
DA:1530,0
DA:1531,0
DA:1532,0
DA:1533,0
DA:1534,0
DA:1535,0
DA:1536,0
DA:1537,0
DA:1538,0
DA:1539,0
DA:1540,0
DA:1541,0
DA:1542,0
DA:1543,0
DA:1544,0
DA:1545,0
DA:1546,0
DA:1547,0
DA:1552,0
DA:1553,0
DA:1558,0
DA:1559,0
DA:1560,0
DA:1561,0
DA:1562,0
DA:1563,0
DA:1564,0
DA:1565,0
DA:1566,0
DA:1567,0
DA:1568,0
DA:1569,0
DA:1570,0
DA:1571,0
DA:1576,0
DA:1581,0
DA:1582,0
DA:1583,0
DA:1588,0
DA:1589,0
DA:1590,0
DA:1591,0
DA:1592,0
DA:1593,0
DA:1594,0
DA:1595,0
DA:1596,0
DA:1597,0
DA:1598,0
DA:1599,0
DA:1600,0
DA:1601,0
DA:1602,0
DA:1603,0
DA:1604,0
DA:1605,0
DA:1606,0
DA:1607,0
DA:1608,0
DA:1609,0
DA:1610,0
DA:1611,0
DA:1612,0
DA:1613,0
DA:1614,0
DA:1619,0
DA:1620,0
DA:1621,0
DA:1622,0
DA:1623,0
DA:1624,0
DA:1625,0
DA:1626,0
DA:1627,0
DA:1628,0
DA:1629,0
DA:1630,0
DA:1631,0
DA:1632,0
DA:1633,0
DA:1634,0
DA:1635,0
DA:1636,0
DA:1637,0
DA:1638,0
DA:1639,0
DA:1640,0
DA:1641,0
DA:1642,0
DA:1643,0
DA:1644,0
DA:1645,0
DA:1646,0
DA:1651,0
DA:1652,0
DA:1653,0
DA:1654,0
DA:1655,0
DA:1656,0
DA:1657,0
DA:1658,0
DA:1659,0
DA:1660,0
DA:1661,0
DA:1662,0
DA:1667,0
DA:1668,0
DA:1669,0
DA:1674,0
DA:1675,0
DA:1676,0
DA:1677,0
DA:1678,0
DA:1679,0
DA:1680,0
DA:1681,0
DA:1682,0
DA:1683,0
DA:1684,0
DA:1685,0
DA:1686,0
DA:1687,0
DA:1688,0
DA:1689,0
DA:1690,0
DA:1691,0
DA:1696,0
DA:1701,0
DA:1702,0
DA:1703,0
DA:1704,0
DA:1705,0
DA:1706,0
DA:1707,0
DA:1708,0
DA:1709,0
DA:1710,0
DA:1711,0
DA:1712,0
DA:1717,0
DA:1718,0
DA:1719,0
DA:1720,0
DA:1725,0
DA:1726,0
DA:1731,0
DA:1732,0
DA:1733,0
DA:1738,0
DA:1739,0
DA:1740,0
DA:1741,0
DA:1742,0
DA:1743,0
DA:1744,0
DA:1745,0
DA:1746,0
DA:1747,0
DA:1748,0
DA:1749,0
DA:1750,0
DA:1751,0
DA:1752,0
DA:1753,0
DA:1758,0
DA:1763,0
DA:1768,0
DA:1769,0
DA:1770,0
DA:1771,0
DA:1772,0
DA:1773,0
DA:1774,0
DA:1775,0
DA:1776,0
DA:1777,0
DA:1778,0
DA:1779,0
DA:1780,0
DA:1781,0
DA:1782,0
DA:1783,0
DA:1784,0
DA:1785,0
DA:1786,0
DA:1787,0
DA:1788,0
DA:1789,0
DA:1790,0
DA:1791,0
DA:1796,0
DA:1797,0
DA:1798,0
DA:1799,0
DA:1800,0
DA:1801,0
DA:1802,0
DA:1803,0
DA:1808,0
DA:1809,0
DA:1810,0
DA:1811,0
DA:1812,0
DA:1813,0
DA:1814,0
DA:1815,0
DA:1816,0
DA:1817,0
DA:1818,0
DA:1819,0
DA:1820,0
DA:1821,0
DA:1822,0
DA:1823,0
DA:1824,0
DA:1825,0
DA:1830,0
DA:1835,0
DA:1836,0
DA:1837,0
DA:1838,0
DA:1843,0
DA:1848,0
DA:1849,0
DA:1850,0
DA:1851,0
DA:1852,0
DA:1853,0
DA:1854,0
DA:1855,0
DA:1856,0
DA:1857,0
DA:1858,0
DA:1859,0
DA:1860,0
DA:1861,0
DA:1862,0
DA:1863,0
DA:1864,0
DA:1869,0
DA:1870,0
DA:1871,0
DA:1872,0
DA:1873,0
DA:1874,0
DA:1875,0
DA:1876,0
DA:1877,0
DA:1878,0
DA:1879,0
DA:1880,0
DA:1885,0
DA:1886,0
DA:1887,0
DA:1888,0
DA:1889,0
DA:1890,0
DA:1891,0
DA:1892,0
DA:1893,0
DA:1894,0
DA:1895,0
DA:1896,0
DA:1897,0
DA:1898,0
DA:1899,0
DA:1900,0
DA:1901,0
DA:1906,0
DA:1907,0
DA:1908,0
DA:1909,0
DA:1910,0
DA:1911,0
DA:1912,0
DA:1917,0
DA:1918,0
DA:1923,0
DA:1928,0
DA:1933,0
DA:1938,0
DA:1943,0
DA:1948,0
DA:1953,0
DA:1958,0
DA:1963,0
DA:1968,0
DA:1969,0
DA:1970,0
DA:1971,0
DA:1972,0
DA:1973,0
DA:1974,0
DA:1975,0
DA:1976,0
DA:1977,0
DA:1978,0
DA:1979,0
DA:1980,0
DA:1981,0
DA:1982,0
DA:1983,0
DA:1984,0
DA:1985,0
DA:1986,0
DA:1987,0
DA:1988,0
DA:1989,0
DA:1990,0
DA:1991,0
DA:1992,0
DA:1993,0
DA:1994,0
DA:1995,0
DA:1996,0
DA:1997,0
DA:1998,0
DA:1999,0
DA:2000,0
DA:2001,0
DA:2002,0
DA:2003,0
DA:2004,0
DA:2005,0
DA:2006,0
DA:2007,0
DA:2008,0
DA:2009,0
DA:2010,0
DA:2011,0
DA:2012,0
DA:2013,0
DA:2014,0
DA:2015,0
DA:2016,0
DA:2017,0
DA:2018,0
DA:2019,0
DA:2020,0
DA:2021,0
DA:2022,0
DA:2023,0
DA:2024,0
DA:2025,0
DA:2026,0
DA:2027,0
DA:2028,0
DA:2029,0
DA:2030,0
DA:2031,0
DA:2036,0
DA:2037,0
DA:2038,0
DA:2039,0
DA:2040,0
DA:2041,0
DA:2042,0
DA:2043,0
DA:2044,0
DA:2045,0
DA:2046,0
DA:2051,0
DA:2052,0
DA:2053,0
DA:2054,0
DA:2055,0
DA:2056,0
DA:2057,0
DA:2058,0
DA:2059,0
DA:2060,0
DA:2061,0
DA:2062,0
DA:2063,0
DA:2064,0
DA:2065,0
DA:2066,0
DA:2067,0
DA:2068,0
DA:2069,0
DA:2070,0
DA:2071,0
DA:2072,0
DA:2073,0
DA:2074,0
DA:2075,0
DA:2076,0
DA:2077,0
DA:2078,0
DA:2079,0
DA:2080,0
DA:2081,0
DA:2082,0
DA:2083,0
DA:2084,0
DA:2085,0
DA:2086,0
DA:2087,0
DA:2088,0
DA:2089,0
DA:2090,0
DA:2091,0
DA:2092,0
DA:2093,0
DA:2094,0
DA:2095,0
DA:2096,0
DA:2097,0
DA:2098,0
DA:2103,0
DA:2108,0
DA:2109,0
DA:2114,0
DA:2115,0
DA:2116,0
DA:2117,0
DA:2118,0
DA:2119,0
DA:2120,0
DA:2121,0
DA:2122,0
DA:2123,0
DA:2124,0
DA:2125,0
DA:2126,0
DA:2131,0
DA:2132,0
DA:2133,0
DA:2134,0
DA:2135,0
DA:2136,0
DA:2137,0
DA:2138,0
DA:2139,0
DA:2140,0
DA:2145,0
DA:2146,0
DA:2147,0
DA:2148,0
DA:2149,0
DA:2150,0
DA:2151,0
DA:2152,0
DA:2153,0
DA:2154,0
DA:2155,0
DA:2156,0
DA:2157,0
DA:2162,0
DA:2167,0
DA:2168,0
DA:2169,0
DA:2170,0
DA:2171,0
DA:2172,0
DA:2173,0
DA:2174,0
DA:2175,0
DA:2176,0
DA:2177,0
DA:2178,0
DA:2179,0
DA:2180,0
DA:2181,0
DA:2182,0
DA:2183,0
DA:2184,0
DA:2185,0
DA:2186,0
DA:2191,0
DA:2192,0
DA:2193,0
DA:2194,0
DA:2195,0
DA:2196,0
DA:2197,0
DA:2198,0
DA:2203,0
DA:2208,0
DA:2209,0
DA:2210,0
DA:2211,0
DA:2212,0
DA:2213,0
DA:2214,0
DA:2215,0
DA:2216,0
DA:2217,0
DA:2218,0
DA:2219,0
DA:2220,0
DA:2221,0
DA:2222,0
DA:2223,0
DA:2224,0
DA:2225,0
DA:2226,0
DA:2227,0
DA:2232,0
DA:2233,0
DA:2234,0
DA:2235,0
DA:2236,0
DA:2237,0
DA:2238,0
DA:2239,0
DA:2240,0
DA:2245,0
DA:2246,0
DA:2247,0
DA:2248,0
DA:2249,0
DA:2254,0
DA:2255,0
DA:2256,0
DA:2257,0
DA:2258,0
DA:2259,0
DA:2260,0
DA:2261,0
DA:2262,0
DA:2267,0
DA:2268,0
DA:2269,0
DA:2270,0
DA:2271,0
DA:2272,0
DA:2277,0
DA:2282,0
DA:2283,0
DA:2288,0
DA:2289,0
DA:2290,0
DA:2291,0
DA:2292,0
DA:2293,0
DA:2294,0
DA:2295,0
DA:2296,0
DA:2297,0
DA:2298,0
DA:2299,0
DA:2300,0
DA:2301,0
DA:2302,0
DA:2303,0
DA:2304,0
DA:2305,0
DA:2306,0
DA:2307,0
DA:2308,0
DA:2309,0
DA:2310,0
DA:2311,0
DA:2312,0
DA:2313,0
DA:2314,0
DA:2315,0
DA:2316,0
DA:2317,0
DA:2318,0
DA:2319,0
DA:2320,0
DA:2321,0
DA:2322,0
DA:2323,0
DA:2324,0
DA:2325,0
DA:2326,0
DA:2327,0
DA:2328,0
DA:2329,0
DA:2334,0
DA:2335,0
DA:2336,0
DA:2337,0
DA:2338,0
DA:2343,0
DA:2344,0
DA:2345,0
DA:2346,0
DA:2347,0
DA:2348,0
DA:2349,0
DA:2350,0
DA:2351,0
DA:2352,0
DA:2353,0
DA:2354,0
DA:2355,0
DA:2356,0
DA:2357,0
DA:2358,0
DA:2359,0
DA:2360,0
DA:2361,0
DA:2362,0
DA:2363,0
DA:2364,0
DA:2365,0
DA:2366,0
DA:2367,0
DA:2368,0
DA:2369,0
DA:2370,0
DA:2371,0
DA:2372,0
DA:2373,0
DA:2374,0
DA:2375,0
DA:2376,0
DA:2377,0
DA:2378,0
DA:2379,0
DA:2380,0
DA:2381,0
DA:2382,0
DA:2383,0
DA:2384,0
DA:2389,0
DA:2394,0
DA:2395,0
DA:2396,0
DA:2397,0
DA:2398,0
DA:2399,0
DA:2400,0
DA:2401,0
DA:2402,0
DA:2403,0
DA:2404,0
DA:2405,0
DA:2406,0
DA:2407,0
DA:2408,0
DA:2409,0
DA:2410,0
DA:2415,0
DA:2416,0
DA:2417,0
DA:2418,0
DA:2419,0
DA:2420,0
DA:2421,0
DA:2426,0
DA:2427,0
DA:2428,0
DA:2429,0
DA:2430,0
DA:2431,0
DA:2432,0
DA:2433,0
DA:2434,0
DA:2435,0
DA:2436,0
DA:2437,0
DA:2438,0
DA:2439,0
DA:2440,0
DA:2441,0
DA:2442,0
DA:2443,0
DA:2444,0
DA:2445,0
DA:2446,0
DA:2447,0
DA:2448,0
DA:2449,0
DA:2454,0
DA:2455,0
DA:2456,0
DA:2457,0
DA:2458,0
DA:2459,0
DA:2460,0
DA:2461,0
DA:2462,0
DA:2463,0
DA:2464,0
DA:2465,0
DA:2466,0
DA:2467,0
DA:2468,0
DA:2469,0
DA:2470,0
DA:2471,0
DA:2472,0
DA:2473,0
DA:2474,0
DA:2475,0
DA:2476,0
DA:2477,0
DA:2478,0
DA:2479,0
DA:2480,0
DA:2481,0
DA:2482,0
DA:2483,0
DA:2484,0
DA:2485,0
DA:2486,0
DA:2491,0
DA:2492,0
DA:2493,0
DA:2494,0
DA:2495,0
DA:2496,0
DA:2497,0
DA:2498,0
DA:2499,0
DA:2500,0
DA:2501,0
DA:2502,0
DA:2503,0
DA:2508,0
DA:2509,0
DA:2514,0
DA:2515,0
DA:2516,0
DA:2517,0
DA:2522,0
DA:2523,0
DA:2524,0
DA:2525,0
DA:2526,0
DA:2527,0
DA:2528,0
DA:2529,0
DA:2530,0
DA:2531,0
DA:2532,0
DA:2533,0
DA:2538,0
DA:2543,0
DA:2544,0
DA:2545,0
DA:2546,0
DA:2547,0
DA:2548,0
DA:2549,0
DA:2550,0
DA:2551,0
DA:2552,0
DA:2553,0
DA:2554,0
DA:2555,0
DA:2556,0
DA:2557,0
DA:2558,0
DA:2559,0
DA:2560,0
DA:2561,0
DA:2562,0
DA:2563,0
DA:2564,0
DA:2565,0
DA:2570,0
DA:2571,0
DA:2572,0
DA:2573,0
DA:2574,0
DA:2575,0
DA:2576,0
DA:2577,0
DA:2578,0
DA:2579,0
DA:2580,0
DA:2581,0
DA:2586,0
DA:2587,0
DA:2588,0
DA:2589,0
DA:2590,0
DA:2591,0
DA:2592,0
DA:2593,0
DA:2594,0
DA:2595,0
DA:2596,0
DA:2597,0
DA:2598,0
DA:2599,0
DA:2600,0
DA:2601,0
DA:2602,0
DA:2603,0
DA:2604,0
DA:2605,0
DA:2610,0
DA:2611,0
DA:2616,0
DA:2617,0
DA:2622,0
DA:2623,0
DA:2624,0
DA:2625,0
DA:2626,0
DA:2627,0
DA:2628,0
DA:2629,0
DA:2630,0
DA:2631,0
DA:2632,0
DA:2633,0
DA:2634,0
DA:2635,0
DA:2636,0
DA:2637,0
DA:2638,0
DA:2639,0
DA:2640,0
DA:2641,0
DA:2642,0
DA:2643,0
DA:2644,0
DA:2649,0
DA:2654,0
DA:2659,0
DA:2664,0
DA:2665,0
DA:2666,0
DA:2671,0
DA:2672,0
DA:2677,0
DA:2678,0
DA:2679,0
DA:2680,0
DA:2681,0
DA:2682,0
DA:2683,0
DA:2684,0
DA:2685,0
DA:2686,0
DA:2687,0
DA:2688,0
DA:2689,0
DA:2690,0
DA:2691,0
DA:2692,0
DA:2693,0
DA:2698,0
DA:2699,0
DA:2700,0
DA:2701,0
DA:2702,0
DA:2703,0
DA:2704,0
DA:2709,0
DA:2710,0
DA:2711,0
DA:2712,0
DA:2713,0
DA:2714,0
DA:2715,0
DA:2716,0
DA:2717,0
DA:2722,0
DA:2727,0
DA:2728,0
DA:2729,0
DA:2730,0
DA:2731,0
DA:2732,0
DA:2733,0
DA:2734,0
DA:2735,0
DA:2736,0
DA:2737,0
DA:2738,0
DA:2739,0
DA:2740,0
DA:2741,0
DA:2742,0
DA:2743,0
DA:2744,0
DA:2745,0
DA:2746,0
DA:2747,0
DA:2748,0
DA:2749,0
DA:2750,0
DA:2751,0
DA:2752,0
DA:2757,0
DA:2762,0
DA:2763,0
DA:2764,0
DA:2769,0
DA:2770,0
DA:2771,0
DA:2772,0
DA:2777,0
DA:2778,0
DA:2779,0
DA:2780,0
DA:2785,0
DA:2790,0
DA:2791,0
DA:2796,0
DA:2797,0
DA:2798,0
DA:2799,0
DA:2800,0
DA:2805,0
DA:2806,0
DA:2807,0
DA:2808,0
DA:2809,0
DA:2810,0
DA:2811,0
DA:2812,0
DA:2813,0
DA:2814,0
DA:2815,0
DA:2816,0
DA:2817,0
DA:2818,0
DA:2819,0
DA:2824,0
DA:2825,0
DA:2826,0
DA:2827,0
DA:2828,0
DA:2829,0
DA:2830,0
DA:2831,0
DA:2832,0
DA:2833,0
DA:2834,0
DA:2835,0
DA:2836,0
DA:2837,0
DA:2838,0
DA:2839,0
DA:2840,0
DA:2841,0
DA:2846,0
DA:2847,0
DA:2848,0
DA:2849,0
DA:2850,0
DA:2851,0
DA:2852,0
DA:2857,0
DA:2858,0
DA:2859,0
DA:2860,0
DA:2861,0
DA:2862,0
DA:2863,0
DA:2864,0
DA:2865,0
DA:2866,0
DA:2867,0
DA:2868,0
DA:2869,0
DA:2870,0
DA:2871,0
DA:2872,0
DA:2873,0
DA:2874,0
DA:2875,0
DA:2876,0
DA:2877,0
DA:2878,0
DA:2879,0
DA:2880,0
DA:2881,0
DA:2882,0
DA:2883,0
DA:2884,0
DA:2889,0
DA:2890,0
DA:2891,0
DA:2892,0
DA:2897,0
DA:2898,0
DA:2899,0
DA:2900,0
DA:2901,0
DA:2902,0
DA:2903,0
DA:2904,0
DA:2905,0
DA:2906,0
DA:2907,0
DA:2908,0
DA:2909,0
DA:2910,0
DA:2911,0
DA:2912,0
DA:2913,0
DA:2914,0
DA:2915,0
DA:2916,0
DA:2917,0
DA:2918,0
DA:2919,0
DA:2920,0
DA:2921,0
DA:2922,0
DA:2923,0
DA:2924,0
DA:2925,0
DA:2926,0
DA:2931,0
DA:2932,0
DA:2933,0
DA:2934,0
DA:2935,0
DA:2936,0
DA:2937,0
DA:2938,0
DA:2939,0
DA:2940,0
DA:2941,0
DA:2942,0
DA:2943,0
DA:2944,0
DA:2945,0
DA:2946,0
DA:2947,0
DA:2948,0
DA:2949,0
DA:2950,0
DA:2955,0
DA:2956,0
DA:2957,0
DA:2958,0
DA:2959,0
DA:2960,0
DA:2961,0
DA:2962,0
DA:2963,0
DA:2968,0
DA:2969,0
DA:2970,0
DA:2971,0
DA:2972,0
DA:2973,0
DA:2974,0
DA:2975,0
DA:2976,0
DA:2977,0
DA:2978,0
DA:2979,0
DA:2980,0
DA:2981,0
DA:2982,0
DA:2983,0
DA:2984,0
DA:2985,0
DA:2986,0
DA:2987,0
DA:2988,0
DA:2989,0
DA:2990,0
DA:2991,0
DA:2992,0
DA:2993,0
DA:2994,0
DA:2995,0
DA:2996,0
DA:2997,0
DA:2998,0
DA:2999,0
DA:3000,0
DA:3005,0
DA:3006,0
DA:3007,0
DA:3008,0
DA:3013,0
DA:3018,0
DA:3023,0
DA:3028,0
DA:3033,0
DA:3034,0
DA:3039,0
DA:3040,0
DA:3041,0
DA:3046,0
DA:3051,0
DA:3056,0
DA:3057,0
DA:3062,0
DA:3063,0
DA:3068,0
DA:3073,0
DA:3074,0
DA:3075,0
DA:3076,0
DA:3077,0
DA:3078,0
DA:3079,0
DA:3080,0
DA:3081,0
DA:3082,0
DA:3083,0
DA:3084,0
DA:3085,0
DA:3086,0
DA:3087,0
DA:3088,0
DA:3093,0
DA:3094,0
DA:3095,0
DA:3096,0
DA:3097,0
DA:3098,0
DA:3099,0
DA:3100,0
DA:3101,0
DA:3102,0
DA:3103,0
DA:3104,0
DA:3105,0
DA:3106,0
DA:3107,0
DA:3108,0
DA:3109,0
DA:3110,0
DA:3111,0
DA:3112,0
DA:3113,0
DA:3114,0
DA:3115,0
DA:3116,0
DA:3117,0
DA:3118,0
DA:3119,0
DA:3120,0
DA:3121,0
DA:3122,0
DA:3123,0
DA:3124,0
DA:3125,0
DA:3126,0
DA:3127,0
DA:3132,0
DA:3133,0
DA:3134,0
DA:3135,0
DA:3136,0
DA:3137,0
DA:3138,0
DA:3139,0
DA:3140,0
DA:3145,0
DA:3146,0
DA:3147,0
DA:3148,0
DA:3149,0
DA:3154,0
DA:3155,0
DA:3156,0
DA:3157,0
DA:3158,0
DA:3159,0
DA:3160,0
DA:3161,0
DA:3166,0
DA:3167,0
DA:3168,0
DA:3169,0
DA:3170,0
DA:3171,0
DA:3172,0
DA:3173,0
DA:3174,0
DA:3175,0
DA:3180,0
DA:3181,0
DA:3182,0
DA:3183,0
DA:3188,0
DA:3189,0
DA:3190,0
DA:3191,0
DA:3192,0
DA:3193,0
DA:3194,0
DA:3195,0
DA:3196,0
DA:3197,0
DA:3198,0
DA:3199,0
DA:3200,0
DA:3201,0
DA:3202,0
DA:3203,0
DA:3204,0
DA:3205,0
DA:3206,0
DA:3207,0
DA:3208,0
DA:3209,0
DA:3210,0
DA:3211,0
DA:3212,0
DA:3213,0
DA:3214,0
DA:3215,0
DA:3216,0
DA:3217,0
DA:3218,0
DA:3219,0
DA:3220,0
DA:3221,0
DA:3222,0
DA:3223,0
DA:3224,0
DA:3225,0
DA:3226,0
DA:3227,0
DA:3228,0
DA:3229,0
DA:3230,0
DA:3231,0
DA:3232,0
DA:3233,0
DA:3234,0
DA:3235,0
DA:3236,0
DA:3237,0
DA:3238,0
DA:3239,0
DA:3240,0
DA:3241,0
DA:3242,0
DA:3243,0
DA:3244,0
DA:3245,0
DA:3246,0
DA:3247,0
DA:3248,0
DA:3249,0
DA:3250,0
DA:3251,0
DA:3252,0
DA:3253,0
DA:3254,0
DA:3255,0
DA:3256,0
DA:3257,0
DA:3258,0
DA:3259,0
DA:3264,0
DA:3269,0
DA:3270,0
DA:3271,0
DA:3272,0
DA:3273,0
DA:3274,0
DA:3275,0
DA:3276,0
DA:3277,0
DA:3278,0
DA:3279,0
DA:3280,0
DA:3281,0
DA:3282,0
DA:3283,0
DA:3284,0
DA:3285,0
DA:3286,0
DA:3287,0
DA:3288,0
DA:3289,0
DA:3290,0
DA:3291,0
DA:3292,0
DA:3293,0
DA:3294,0
DA:3295,0
DA:3296,0
DA:3297,0
DA:3298,0
DA:3299,0
DA:3300,0
DA:3301,0
DA:3302,0
DA:3303,0
DA:3304,0
DA:3305,0
DA:3306,0
DA:3307,0
DA:3308,0
DA:3309,0
DA:3310,0
DA:3311,0
DA:3312,0
DA:3313,0
DA:3314,0
DA:3315,0
DA:3316,0
DA:3321,0
DA:3326,0
DA:3327,0
DA:3328,0
DA:3329,0
DA:3330,0
DA:3331,0
DA:3332,0
DA:3333,0
DA:3334,0
DA:3335,0
DA:3336,0
DA:3337,0
DA:3338,0
DA:3339,0
DA:3340,0
DA:3345,0
DA:3346,0
DA:3347,0
DA:3348,0
DA:3349,0
DA:3350,0
DA:3351,0
DA:3352,0
DA:3353,0
DA:3354,0
DA:3355,0
DA:3356,0
DA:3357,0
DA:3358,0
DA:3359,0
DA:3360,0
DA:3361,0
DA:3362,0
DA:3363,0
DA:3368,0
DA:3373,0
DA:3378,0
DA:3383,0
DA:3388,0
DA:3393,0
DA:3398,0
DA:3403,0
DA:3408,0
DA:3413,0
DA:3414,0
DA:3419,0
DA:3420,0
DA:3425,0
DA:3426,0
DA:3427,0
DA:3428,0
DA:3429,0
DA:3430,0
DA:3431,0
DA:3432,0
DA:3437,0
DA:3438,0
DA:3439,0
DA:3440,0
DA:3441,0
DA:3442,0
DA:3443,0
DA:3444,0
DA:3445,0
DA:3446,0
DA:3447,0
DA:3452,0
DA:3453,0
DA:3454,0
DA:3455,0
DA:3456,0
DA:3457,0
DA:3458,0
DA:3463,0
DA:3468,0
DA:3469,0
DA:3470,0
DA:3471,0
DA:3472,0
DA:3473,0
DA:3474,0
DA:3475,0
DA:3476,0
DA:3477,0
DA:3478,0
DA:3479,0
DA:3480,0
DA:3481,0
DA:3482,0
DA:3487,0
DA:3488,0
DA:3489,0
DA:3490,0
DA:3491,0
DA:3492,0
DA:3493,0
DA:3494,0
DA:3495,0
DA:3496,0
DA:3497,0
DA:3498,0
DA:3499,0
DA:3500,0
DA:3505,0
DA:3506,0
DA:3507,0
DA:3508,0
DA:3509,0
DA:3510,0
DA:3511,0
DA:3516,0
DA:3517,0
DA:3518,0
DA:3519,0
DA:3520,0
DA:3521,0
DA:3522,0
DA:3523,0
DA:3524,0
DA:3525,0
DA:3526,0
DA:3527,0
DA:3532,0
DA:3533,0
DA:3534,0
DA:3535,0
DA:3536,0
DA:3537,0
DA:3538,0
DA:3539,0
DA:3540,0
DA:3545,0
DA:3546,0
DA:3547,0
DA:3548,0
DA:3549,0
DA:3550,0
DA:3551,0
DA:3552,0
DA:3553,0
DA:3554,0
DA:3555,0
DA:3556,0
DA:3557,0
DA:3558,0
DA:3559,0
DA:3560,0
DA:3561,0
DA:3566,0
DA:3567,0
DA:3568,0
DA:3569,0
DA:3570,0
DA:3571,0
DA:3572,0
DA:3573,0
DA:3574,0
DA:3575,0
DA:3576,0
DA:3577,0
DA:3582,0
DA:3583,0
DA:3584,0
DA:3585,0
DA:3586,0
DA:3587,0
DA:3588,0
DA:3589,0
DA:3594,0
DA:3595,0
DA:3600,0
DA:3601,0
DA:3602,0
DA:3603,0
DA:3604,0
DA:3605,0
DA:3606,0
DA:3607,0
DA:3608,0
DA:3609,0
DA:3610,0
DA:3611,0
DA:3612,0
DA:3613,0
DA:3614,0
DA:3615,0
DA:3616,0
DA:3617,0
DA:3618,0
DA:3619,0
DA:3620,0
DA:3621,0
DA:3622,0
DA:3623,0
DA:3624,0
DA:3625,0
DA:3626,0
DA:3631,0
DA:3632,0
DA:3637,0
DA:3638,0
DA:3639,0
DA:3640,0
DA:3641,0
DA:3642,0
DA:3643,0
DA:3644,0
DA:3649,0
DA:3650,0
DA:3651,0
DA:3652,0
DA:3653,0
DA:3654,0
DA:3655,0
DA:3656,0
DA:3657,0
DA:3658,0
DA:3659,0
DA:3660,0
DA:3661,0
DA:3662,0
DA:3663,0
DA:3664,0
DA:3665,0
DA:3666,0
DA:3667,0
DA:3668,0
DA:3669,0
DA:3670,0
DA:3671,0
DA:3672,0
DA:3673,0
DA:3674,0
DA:3675,0
DA:3676,0
DA:3677,0
DA:3678,0
DA:3679,0
DA:3680,0
DA:3681,0
DA:3682,0
DA:3687,0
DA:3688,0
DA:3689,0
DA:3690,0
DA:3691,0
DA:3692,0
DA:3693,0
DA:3694,0
DA:3695,0
DA:3696,0
DA:3697,0
DA:3698,0
DA:3703,0
DA:3704,0
DA:3705,0
DA:3706,0
DA:3707,0
DA:3708,0
DA:3709,0
DA:3710,0
DA:3711,0
DA:3712,0
DA:3713,0
DA:3718,0
DA:3719,0
DA:3720,0
DA:3721,0
DA:3722,0
DA:3723,0
DA:3724,0
DA:3729,0
DA:3730,0
DA:3731,0
DA:3732,0
DA:3733,0
DA:3734,0
DA:3735,0
DA:3736,0
DA:3737,0
DA:3738,0
DA:3739,0
DA:3740,0
DA:3741,0
DA:3742,0
DA:3743,0
DA:3744,0
DA:3745,0
DA:3746,0
DA:3747,0
DA:3748,0
DA:3753,0
DA:3758,0
DA:3759,0
DA:3760,0
DA:3765,0
DA:3766,0
DA:3767,0
DA:3768,0
DA:3769,0
DA:3770,0
DA:3771,0
DA:3772,0
DA:3773,0
DA:3774,0
DA:3775,0
DA:3776,0
DA:3777,0
DA:3778,0
DA:3779,0
DA:3780,0
DA:3781,0
DA:3782,0
DA:3783,0
DA:3784,0
DA:3785,0
DA:3786,0
DA:3787,0
DA:3788,0
DA:3789,0
DA:3790,0
DA:3791,0
DA:3792,0
DA:3793,0
DA:3794,0
DA:3795,0
DA:3796,0
DA:3797,0
DA:3798,0
DA:3799,0
DA:3804,0
DA:3805,0
DA:3806,0
DA:3807,0
DA:3808,0
DA:3809,0
DA:3810,0
DA:3811,0
DA:3812,0
DA:3813,0
DA:3814,0
DA:3815,0
DA:3816,0
DA:3817,0
DA:3818,0
DA:3819,0
DA:3820,0
DA:3821,0
DA:3822,0
DA:3823,0
DA:3824,0
DA:3825,0
DA:3826,0
DA:3827,0
DA:3828,0
DA:3829,0
DA:3830,0
DA:3831,0
DA:3836,0
DA:3837,0
DA:3838,0
DA:3839,0
DA:3844,0
DA:3845,0
DA:3846,0
DA:3847,0
DA:3848,0
DA:3849,0
DA:3850,0
DA:3851,0
DA:3852,0
DA:3853,0
DA:3854,0
DA:3859,0
DA:3860,0
DA:3865,0
DA:3866,0
DA:3867,0
DA:3868,0
DA:3869,0
DA:3874,0
DA:3875,0
DA:3876,0
DA:3877,0
DA:3878,0
DA:3879,0
DA:3880,0
DA:3881,0
DA:3882,0
DA:3883,0
DA:3884,0
DA:3885,0
DA:3886,0
DA:3887,0
DA:3888,0
DA:3889,0
DA:3890,0
DA:3891,0
DA:3892,0
DA:3893,0
DA:3894,0
DA:3895,0
DA:3896,0
DA:3897,0
DA:3898,0
DA:3899,0
DA:3900,0
DA:3901,0
DA:3902,0
DA:3903,0
DA:3904,0
DA:3905,0
DA:3906,0
DA:3907,0
DA:3908,0
DA:3909,0
DA:3910,0
DA:3911,0
DA:3912,0
DA:3913,0
DA:3914,0
DA:3915,0
DA:3916,0
DA:3917,0
DA:3918,0
DA:3919,0
DA:3920,0
DA:3921,0
DA:3922,0
DA:3923,0
DA:3924,0
DA:3925,0
DA:3926,0
DA:3927,0
DA:3928,0
DA:3929,0
DA:3934,0
DA:3935,0
DA:3936,0
DA:3937,0
DA:3942,0
DA:3943,0
DA:3944,0
DA:3945,0
DA:3946,0
DA:3947,0
DA:3948,0
DA:3949,0
DA:3950,0
DA:3951,0
DA:3956,0
DA:3961,0
DA:3962,0
DA:3963,0
DA:3964,0
DA:3965,0
DA:3966,0
DA:3967,0
DA:3968,0
DA:3973,0
DA:3974,0
DA:3975,0
DA:3976,0
DA:3977,0
DA:3978,0
DA:3979,0
DA:3980,0
DA:3981,0
DA:3982,0
DA:3983,0
DA:3984,0
DA:3985,0
DA:3986,0
DA:3987,0
DA:3988,0
DA:3989,0
DA:3990,0
DA:3991,0
DA:3992,0
DA:3993,0
DA:3994,0
DA:3995,0
DA:3996,0
DA:3997,0
DA:3998,0
DA:3999,0
DA:4000,0
DA:4001,0
DA:4006,0
DA:4007,0
DA:4008,0
DA:4009,0
DA:4010,0
DA:4011,0
DA:4012,0
DA:4013,0
DA:4014,0
DA:4015,0
DA:4016,0
DA:4017,0
DA:4018,0
DA:4019,0
DA:4020,0
DA:4021,0
DA:4022,0
DA:4023,0
DA:4024,0
DA:4025,0
DA:4026,0
DA:4027,0
DA:4028,0
DA:4029,0
DA:4030,0
DA:4031,0
DA:4032,0
DA:4033,0
DA:4038,0
DA:4039,0
DA:4040,0
DA:4041,0
DA:4042,0
DA:4043,0
DA:4044,0
DA:4045,0
DA:4046,0
DA:4047,0
DA:4048,0
DA:4049,0
DA:4050,0
DA:4051,0
DA:4052,0
DA:4053,0
DA:4054,0
DA:4055,0
DA:4056,0
DA:4057,0
DA:4058,0
DA:4059,0
DA:4060,0
DA:4061,0
DA:4062,0
DA:4063,0
DA:4064,0
DA:4065,0
DA:4066,0
DA:4067,0
DA:4068,0
DA:4069,0
DA:4070,0
DA:4071,0
DA:4072,0
DA:4073,0
DA:4074,0
DA:4075,0
DA:4076,0
DA:4077,0
DA:4078,0
DA:4079,0
DA:4080,0
DA:4081,0
DA:4082,0
DA:4083,0
DA:4084,0
DA:4085,0
DA:4086,0
DA:4087,0
DA:4088,0
DA:4089,0
DA:4090,0
DA:4091,0
DA:4092,0
DA:4097,0
DA:4102,0
DA:4107,0
DA:4112,0
DA:4113,0
DA:4114,0
DA:4115,0
DA:4116,0
DA:4117,0
DA:4118,0
DA:4119,0
DA:4120,0
DA:4121,0
DA:4122,0
DA:4123,0
DA:4124,0
DA:4125,0
DA:4126,0
DA:4127,0
DA:4128,0
DA:4129,0
DA:4130,0
DA:4131,0
DA:4132,0
DA:4133,0
DA:4134,0
DA:4135,0
DA:4136,0
DA:4137,0
DA:4138,0
DA:4139,0
DA:4140,0
DA:4141,0
DA:4142,0
DA:4143,0
DA:4144,0
DA:4145,0
DA:4146,0
DA:4147,0
DA:4148,0
DA:4149,0
DA:4154,0
DA:4155,0
DA:4156,0
DA:4157,0
DA:4158,0
DA:4159,0
DA:4160,0
DA:4161,0
DA:4162,0
DA:4163,0
DA:4164,0
DA:4165,0
DA:4166,0
DA:4167,0
DA:4168,0
DA:4169,0
DA:4170,0
DA:4171,0
DA:4172,0
DA:4173,0
DA:4174,0
DA:4179,0
DA:4184,0
DA:4185,0
DA:4186,0
DA:4187,0
DA:4188,0
DA:4189,0
DA:4190,0
DA:4191,0
DA:4192,0
DA:4193,0
DA:4194,0
DA:4195,0
DA:4196,0
DA:4197,0
DA:4198,0
DA:4199,0
DA:4200,0
DA:4201,0
DA:4202,0
DA:4203,0
DA:4204,0
DA:4205,0
DA:4206,0
DA:4207,0
DA:4208,0
DA:4213,0
DA:4214,0
DA:4215,0
DA:4216,0
DA:4217,0
DA:4218,0
DA:4219,0
DA:4220,0
DA:4221,0
DA:4222,0
DA:4223,0
DA:4224,0
DA:4225,0
DA:4226,0
DA:4231,0
DA:4232,0
DA:4233,0
DA:4234,0
DA:4235,0
DA:4236,0
DA:4237,0
DA:4242,0
DA:4243,0
DA:4244,0
DA:4245,0
DA:4246,0
DA:4247,0
DA:4248,0
DA:4249,0
DA:4250,0
DA:4251,0
DA:4252,0
DA:4253,0
DA:4254,0
DA:4255,0
DA:4256,0
DA:4257,0
DA:4258,0
DA:4259,0
DA:4260,0
DA:4261,0
DA:4262,0
DA:4263,0
DA:4264,0
DA:4265,0
DA:4266,0
DA:4267,0
DA:4268,0
DA:4269,0
DA:4270,0
DA:4271,0
DA:4272,0
DA:4273,0
DA:4274,0
DA:4275,0
DA:4276,0
DA:4277,0
DA:4278,0
DA:4279,0
DA:4280,0
DA:4281,0
DA:4282,0
DA:4283,0
DA:4288,0
DA:4289,0
DA:4290,0
DA:4291,0
DA:4292,0
DA:4293,0
DA:4294,0
DA:4295,0
DA:4296,0
DA:4297,0
DA:4298,0
DA:4299,0
DA:4300,0
DA:4301,0
DA:4302,0
DA:4303,0
DA:4308,0
DA:4309,0
DA:4310,0
DA:4311,0
DA:4312,0
DA:4313,0
DA:4314,0
DA:4315,0
DA:4316,0
DA:4317,0
DA:4318,0
DA:4319,0
DA:4320,0
DA:4321,0
DA:4322,0
DA:4323,0
DA:4324,0
DA:4325,0
DA:4326,0
DA:4327,0
DA:4328,0
DA:4329,0
DA:4330,0
DA:4335,0
DA:4336,0
DA:4337,0
DA:4338,0
DA:4339,0
DA:4340,0
DA:4341,0
DA:4342,0
DA:4343,0
DA:4344,0
DA:4345,0
DA:4346,0
DA:4347,0
DA:4348,0
DA:4349,0
DA:4354,0
DA:4355,0
DA:4360,0
DA:4361,0
DA:4362,0
DA:4363,0
DA:4364,0
DA:4365,0
DA:4366,0
DA:4367,0
DA:4368,0
DA:4369,0
DA:4370,0
DA:4371,0
DA:4372,0
DA:4373,0
DA:4374,0
DA:4375,0
DA:4376,0
DA:4377,0
DA:4378,0
DA:4379,0
DA:4380,0
DA:4381,0
DA:4382,0
DA:4383,0
DA:4384,0
DA:4385,0
DA:4386,0
DA:4387,0
DA:4388,0
DA:4389,0
DA:4390,0
DA:4391,0
DA:4392,0
DA:4393,0
DA:4394,0
DA:4395,0
DA:4396,0
DA:4397,0
DA:4402,0
DA:4407,0
DA:4412,0
DA:4417,0
DA:4418,0
DA:4419,0
DA:4420,0
DA:4421,0
DA:4422,0
DA:4423,0
DA:4424,0
DA:4425,0
DA:4426,0
DA:4427,0
DA:4428,0
DA:4429,0
DA:4430,0
DA:4431,0
DA:4432,0
DA:4433,0
DA:4434,0
DA:4435,0
DA:4436,0
DA:4437,0
DA:4438,0
DA:4439,0
DA:4440,0
DA:4441,0
DA:4442,0
DA:4443,0
DA:4444,0
DA:4445,0
DA:4446,0
DA:4451,0
DA:4452,0
DA:4453,0
DA:4454,0
DA:4455,0
DA:4456,0
DA:4457,0
DA:4458,0
DA:4459,0
DA:4460,0
DA:4461,0
DA:4462,0
DA:4463,0
DA:4464,0
DA:4465,0
DA:4466,0
DA:4467,0
DA:4468,0
DA:4469,0
DA:4470,0
DA:4471,0
DA:4472,0
DA:4473,0
DA:4474,0
DA:4475,0
DA:4480,0
DA:4481,0
DA:4482,0
DA:4483,0
DA:4484,0
DA:4485,0
DA:4486,0
DA:4487,0
DA:4488,0
DA:4489,0
DA:4490,0
DA:4491,0
DA:4492,0
DA:4493,0
DA:4494,0
DA:4495,0
DA:4496,0
DA:4497,0
DA:4498,0
DA:4499,0
DA:4504,0
DA:4509,0
DA:4514,0
DA:4519,0
DA:4520,0
DA:4525,0
DA:4526,0
DA:4527,0
DA:4528,0
DA:4533,0
DA:4534,0
DA:4535,0
DA:4536,0
DA:4537,0
DA:4538,0
DA:4539,0
DA:4540,0
DA:4541,0
DA:4542,0
DA:4543,0
DA:4544,0
DA:4545,0
DA:4546,0
DA:4547,0
DA:4548,0
DA:4549,0
DA:4550,0
DA:4555,0
DA:4556,0
DA:4557,0
DA:4558,0
DA:4559,0
DA:4560,0
DA:4561,0
DA:4562,0
DA:4563,0
DA:4564,0
DA:4565,0
DA:4566,0
DA:4567,0
DA:4568,0
DA:4569,0
DA:4570,0
DA:4571,0
DA:4572,0
DA:4573,0
DA:4574,0
DA:4575,0
DA:4580,0
DA:4581,0
DA:4582,0
DA:4587,0
DA:4588,0
DA:4589,0
DA:4590,0
DA:4591,0
DA:4592,0
DA:4593,0
DA:4594,0
DA:4595,0
DA:4596,0
DA:4597,0
DA:4598,0
DA:4599,0
DA:4600,0
DA:4601,0
DA:4602,0
DA:4603,0
DA:4604,0
DA:4605,0
DA:4606,0
DA:4607,0
DA:4608,0
DA:4609,0
DA:4610,0
DA:4611,0
DA:4612,0
DA:4613,0
DA:4614,0
DA:4615,0
DA:4616,0
DA:4617,0
DA:4618,0
DA:4619,0
DA:4620,0
DA:4621,0
DA:4622,0
DA:4623,0
DA:4624,0
DA:4625,0
DA:4626,0
DA:4627,0
DA:4628,0
DA:4629,0
DA:4630,0
DA:4631,0
DA:4632,0
DA:4633,0
DA:4634,0
DA:4635,0
DA:4640,0
DA:4641,0
DA:4642,0
DA:4643,0
DA:4644,0
DA:4645,0
DA:4646,0
DA:4647,0
DA:4648,0
DA:4649,0
DA:4650,0
DA:4651,0
DA:4652,0
DA:4653,0
DA:4654,0
DA:4655,0
DA:4656,0
DA:4657,0
DA:4658,0
DA:4659,0
DA:4660,0
DA:4661,0
DA:4662,0
DA:4663,0
DA:4668,0
DA:4669,0
DA:4670,0
DA:4671,0
DA:4672,0
DA:4673,0
DA:4674,0
DA:4675,0
DA:4676,0
DA:4677,0
DA:4678,0
DA:4683,0
DA:4684,0
DA:4685,0
DA:4686,0
DA:4687,0
DA:4688,0
DA:4689,0
DA:4690,0
DA:4691,0
DA:4692,0
DA:4697,0
DA:4702,0
DA:4703,0
DA:4704,0
DA:4705,0
DA:4706,0
DA:4707,0
DA:4708,0
DA:4709,0
DA:4710,0
DA:4711,0
DA:4712,0
DA:4713,0
DA:4714,0
DA:4715,0
DA:4716,0
DA:4717,0
DA:4718,0
DA:4719,0
DA:4720,0
DA:4721,0
DA:4722,0
DA:4723,0
DA:4724,0
DA:4725,0
DA:4726,0
DA:4727,0
DA:4728,0
DA:4729,0
DA:4730,0
DA:4731,0
DA:4732,0
DA:4737,0
DA:4742,0
DA:4743,0
DA:4744,0
DA:4745,0
DA:4746,0
DA:4747,0
DA:4748,0
DA:4749,0
DA:4750,0
DA:4751,0
DA:4752,0
DA:4753,0
DA:4754,0
DA:4755,0
DA:4756,0
DA:4757,0
DA:4758,0
DA:4759,0
DA:4760,0
DA:4761,0
DA:4762,0
DA:4763,0
DA:4764,0
DA:4765,0
DA:4766,0
DA:4771,0
DA:4776,0
DA:4781,0
DA:4782,0
DA:4783,0
DA:4788,0
DA:4789,0
DA:4790,0
DA:4791,0
DA:4792,0
DA:4793,0
DA:4794,0
DA:4795,0
DA:4796,0
DA:4797,0
DA:4798,0
DA:4799,0
DA:4800,0
DA:4805,0
DA:4806,0
DA:4807,0
DA:4808,0
DA:4809,0
DA:4810,0
DA:4811,0
DA:4812,0
DA:4813,0
DA:4818,0
DA:4819,0
DA:4820,0
DA:4821,0
DA:4822,0
DA:4823,0
DA:4824,0
DA:4825,0
DA:4826,0
DA:4827,0
DA:4828,0
DA:4829,0
DA:4830,0
DA:4831,0
DA:4832,0
DA:4833,0
DA:4834,0
DA:4835,0
DA:4836,0
DA:4837,0
DA:4838,0
DA:4839,0
DA:4840,0
DA:4841,0
DA:4846,0
DA:4847,0
DA:4848,0
DA:4849,0
DA:4850,0
DA:4851,0
DA:4856,0
DA:4857,0
DA:4858,0
DA:4859,0
DA:4860,0
DA:4861,0
DA:4862,0
DA:4863,0
DA:4864,0
DA:4865,0
DA:4866,0
DA:4871,0
DA:4876,0
DA:4881,0
DA:4882,0
DA:4883,0
DA:4884,0
DA:4885,0
DA:4886,0
DA:4891,0
DA:4896,0
DA:4897,0
DA:4898,0
DA:4899,0
DA:4900,0
DA:4901,0
DA:4902,0
DA:4907,0
DA:4908,0
DA:4909,0
DA:4914,0
DA:4915,0
DA:4916,0
DA:4921,0
DA:4922,0
DA:4927,0
DA:4932,0
DA:4933,0
DA:4938,0
DA:4939,0
DA:4940,0
DA:4941,0
DA:4942,0
DA:4947,0
DA:4948,0
DA:4949,0
DA:4950,0
DA:4951,0
DA:4952,0
DA:4953,0
DA:4958,0
DA:4959,0
DA:4964,0
DA:4965,0
DA:4970,0
DA:4975,0
DA:4980,0
DA:4981,0
DA:4982,0
DA:4983,0
DA:4988,0
DA:4989,0
DA:4990,0
DA:4991,0
DA:4992,0
DA:4993,0
DA:4994,0
DA:4995,0
DA:5000,0
DA:5001,0
DA:5002,0
DA:5003,0
DA:5004,0
DA:5005,0
DA:5006,0
DA:5007,0
DA:5008,0
DA:5009,0
DA:5010,0
DA:5015,0
DA:5016,0
DA:5017,0
DA:5018,0
DA:5019,0
DA:5024,0
DA:5025,0
DA:5026,0
DA:5027,0
DA:5028,0
DA:5029,0
DA:5030,0
DA:5031,0
DA:5032,0
DA:5033,0
DA:5034,0
DA:5035,0
DA:5036,0
DA:5037,0
DA:5038,0
DA:5039,0
DA:5040,0
DA:5041,0
DA:5042,0
DA:5043,0
DA:5044,0
DA:5045,0
DA:5046,0
DA:5047,0
DA:5048,0
DA:5049,0
DA:5050,0
DA:5051,0
DA:5052,0
DA:5057,0
DA:5062,0
DA:5067,0
DA:5068,0
DA:5069,0
DA:5070,0
DA:5071,0
DA:5072,0
DA:5077,0
DA:5078,0
DA:5079,0
DA:5080,0
DA:5081,0
DA:5082,0
DA:5083,0
DA:5084,0
DA:5085,0
DA:5086,0
DA:5087,0
DA:5088,0
DA:5089,0
DA:5090,0
DA:5091,0
DA:5092,0
DA:5093,0
DA:5098,0
DA:5099,0
DA:5100,0
DA:5101,0
DA:5102,0
DA:5103,0
DA:5104,0
DA:5105,0
DA:5106,0
DA:5107,0
DA:5108,0
DA:5109,0
DA:5110,0
DA:5111,0
DA:5112,0
DA:5113,0
DA:5114,0
DA:5115,0
DA:5116,0
DA:5117,0
DA:5118,0
DA:5119,0
DA:5120,0
DA:5121,0
DA:5126,0
DA:5131,0
DA:5136,0
DA:5141,0
DA:5146,0
DA:5151,0
DA:5152,0
DA:5153,0
DA:5154,0
DA:5155,0
DA:5156,0
DA:5157,0
DA:5158,0
DA:5159,0
DA:5160,0
DA:5161,0
DA:5162,0
DA:5163,0
DA:5164,0
DA:5165,0
DA:5166,0
DA:5167,0
DA:5168,0
DA:5169,0
DA:5170,0
DA:5171,0
DA:5176,0
DA:5177,0
DA:5178,0
DA:5179,0
DA:5180,0
DA:5181,0
DA:5182,0
DA:5183,0
DA:5184,0
DA:5185,0
DA:5186,0
DA:5187,0
DA:5188,0
DA:5189,0
DA:5190,0
DA:5191,0
DA:5192,0
DA:5193,0
DA:5194,0
DA:5195,0
DA:5196,0
DA:5197,0
DA:5198,0
DA:5199,0
DA:5200,0
DA:5201,0
DA:5202,0
DA:5203,0
DA:5204,0
DA:5205,0
DA:5206,0
DA:5207,0
DA:5208,0
DA:5209,0
DA:5210,0
DA:5211,0
DA:5212,0
DA:5213,0
DA:5214,0
DA:5215,0
DA:5216,0
DA:5217,0
DA:5218,0
DA:5219,0
DA:5220,0
DA:5221,0
DA:5222,0
DA:5223,0
DA:5224,0
DA:5225,0
DA:5226,0
DA:5227,0
DA:5228,0
DA:5229,0
DA:5230,0
DA:5231,0
DA:5232,0
DA:5237,0
DA:5238,0
DA:5239,0
DA:5240,0
DA:5241,0
DA:5242,0
DA:5243,0
DA:5244,0
DA:5245,0
DA:5246,0
DA:5247,0
DA:5248,0
DA:5249,0
DA:5250,0
DA:5251,0
DA:5252,0
DA:5253,0
DA:5254,0
DA:5255,0
DA:5256,0
DA:5257,0
DA:5258,0
DA:5263,0
DA:5264,0
DA:5265,0
DA:5266,0
DA:5267,0
DA:5268,0
DA:5269,0
DA:5270,0
DA:5271,0
DA:5272,0
DA:5273,0
DA:5274,0
DA:5275,0
DA:5276,0
DA:5277,0
DA:5278,0
DA:5279,0
DA:5280,0
DA:5281,0
DA:5286,0
DA:5291,0
DA:5296,0
DA:5301,0
DA:5302,0
DA:5303,0
DA:5304,0
DA:5309,0
DA:5310,0
DA:5311,0
DA:5312,0
DA:5317,0
DA:5318,0
DA:5323,0
DA:5328,0
DA:5329,0
DA:5330,0
DA:5331,0
DA:5332,0
DA:5333,0
DA:5334,0
DA:5335,0
DA:5340,0
DA:5341,0
DA:5342,0
DA:5343,0
DA:5344,0
DA:5345,0
DA:5346,0
DA:5347,0
DA:5348,0
DA:5349,0
DA:5350,0
DA:5351,0
DA:5352,0
DA:5353,0
DA:5354,0
DA:5355,0
DA:5356,0
DA:5357,0
DA:5358,0
DA:5359,0
DA:5360,0
DA:5361,0
DA:5362,0
DA:5363,0
DA:5364,0
DA:5365,0
DA:5366,0
DA:5367,0
DA:5372,0
DA:5373,0
DA:5378,0
DA:5383,0
DA:5388,0
DA:5389,0
DA:5394,0
DA:5399,0
DA:5404,0
DA:5409,0
DA:5414,0
DA:5415,0
DA:5420,0
DA:5425,0
DA:5430,0
DA:5435,0
DA:5440,0
DA:5441,0
DA:5446,0
DA:5447,0
DA:5448,0
DA:5449,0
DA:5450,0
DA:5451,0
DA:5452,0
DA:5453,0
DA:5454,0
DA:5455,0
DA:5456,0
DA:5457,0
DA:5458,0
DA:5459,0
DA:5460,0
DA:5461,0
DA:5462,0
DA:5463,0
DA:5464,0
DA:5465,0
DA:5466,0
DA:5467,0
DA:5468,0
DA:5469,0
DA:5470,0
DA:5471,0
DA:5472,0
DA:5473,0
DA:5474,0
DA:5475,0
DA:5480,0
DA:5481,0
DA:5482,0
DA:5483,0
DA:5484,0
DA:5485,0
DA:5486,0
DA:5487,0
DA:5488,0
DA:5489,0
DA:5490,0
DA:5491,0
DA:5492,0
DA:5493,0
DA:5494,0
DA:5495,0
DA:5496,0
DA:5497,0
DA:5498,0
DA:5499,0
DA:5504,0
DA:5505,0
DA:5506,0
DA:5511,0
DA:5512,0
DA:5513,0
DA:5514,0
DA:5515,0
DA:5516,0
DA:5517,0
DA:5518,0
DA:5519,0
DA:5520,0
DA:5521,0
DA:5522,0
DA:5523,0
DA:5524,0
DA:5525,0
DA:5526,0
DA:5527,0
DA:5528,0
DA:5533,0
DA:5534,0
DA:5535,0
DA:5536,0
DA:5537,0
DA:5538,0
DA:5539,0
DA:5540,0
DA:5541,0
DA:5546,0
DA:5547,0
DA:5548,0
DA:5549,0
DA:5554,0
DA:5555,0
DA:5556,0
DA:5557,0
DA:5558,0
DA:5559,0
DA:5560,0
DA:5565,0
DA:5566,0
DA:5567,0
DA:5568,0
DA:5569,0
DA:5570,0
DA:5571,0
DA:5572,0
DA:5573,0
DA:5574,0
DA:5575,0
DA:5576,0
DA:5577,0
DA:5582,0
DA:5583,0
DA:5584,0
DA:5585,0
DA:5586,0
DA:5587,0
DA:5588,0
DA:5589,0
DA:5590,0
DA:5591,0
DA:5592,0
DA:5593,0
DA:5594,0
DA:5595,0
DA:5596,0
DA:5597,0
DA:5598,0
DA:5599,0
DA:5600,0
DA:5601,0
DA:5602,0
DA:5603,0
DA:5604,0
DA:5605,0
DA:5606,0
DA:5607,0
DA:5608,0
DA:5609,0
DA:5610,0
DA:5611,0
DA:5612,0
DA:5613,0
DA:5618,0
DA:5619,0
DA:5620,0
DA:5621,0
DA:5622,0
DA:5623,0
DA:5624,0
DA:5625,0
DA:5630,0
DA:5631,0
DA:5632,0
DA:5633,0
DA:5634,0
DA:5635,0
DA:5636,0
DA:5637,0
DA:5638,0
DA:5639,0
DA:5640,0
DA:5641,0
DA:5642,0
DA:5643,0
DA:5644,0
DA:5645,0
DA:5646,0
DA:5647,0
DA:5648,0
DA:5649,0
DA:5650,0
DA:5655,0
DA:5656,0
DA:5657,0
DA:5658,0
DA:5659,0
DA:5660,0
DA:5665,0
DA:5666,0
DA:5667,0
DA:5668,0
DA:5669,0
DA:5670,0
DA:5671,0
DA:5672,0
DA:5673,0
DA:5674,0
DA:5675,0
DA:5676,0
DA:5677,0
DA:5678,0
DA:5679,0
DA:5680,0
DA:5681,0
DA:5682,0
DA:5683,0
DA:5684,0
DA:5685,0
DA:5686,0
DA:5687,0
DA:5688,0
DA:5689,0
DA:5690,0
DA:5695,0
DA:5696,0
DA:5697,0
DA:5698,0
DA:5699,0
DA:5700,0
DA:5701,0
DA:5702,0
DA:5703,0
DA:5704,0
DA:5705,0
DA:5706,0
DA:5707,0
DA:5708,0
DA:5709,0
DA:5710,0
DA:5711,0
DA:5712,0
DA:5713,0
DA:5714,0
DA:5715,0
DA:5716,0
DA:5717,0
DA:5718,0
DA:5719,0
DA:5720,0
DA:5721,0
DA:5722,0
DA:5727,0
DA:5728,0
DA:5729,0
DA:5730,0
DA:5731,0
DA:5732,0
DA:5733,0
DA:5734,0
DA:5735,0
DA:5736,0
DA:5737,0
DA:5738,0
DA:5739,0
DA:5740,0
DA:5741,0
DA:5742,0
DA:5743,0
DA:5744,0
DA:5745,0
DA:5750,0
DA:5751,0
DA:5752,0
DA:5753,0
DA:5754,0
DA:5755,0
DA:5760,0
DA:5761,0
DA:5762,0
DA:5767,0
DA:5768,0
DA:5769,0
DA:5770,0
DA:5771,0
DA:5776,0
DA:5781,0
DA:5782,0
DA:5783,0
DA:5784,0
DA:5785,0
DA:5786,0
DA:5787,0
DA:5788,0
DA:5789,0
DA:5790,0
DA:5791,0
DA:5792,0
DA:5797,0
DA:5798,0
DA:5799,0
DA:5800,0
DA:5801,0
DA:5802,0
DA:5803,0
DA:5804,0
DA:5805,0
DA:5806,0
DA:5807,0
DA:5808,0
DA:5809,0
DA:5810,0
DA:5811,0
DA:5812,0
DA:5813,0
DA:5814,0
DA:5815,0
DA:5816,0
DA:5817,0
DA:5818,0
DA:5819,0
DA:5820,0
DA:5821,0
DA:5822,0
DA:5823,0
DA:5824,0
DA:5829,0
DA:5830,0
DA:5831,0
DA:5832,0
DA:5833,0
DA:5834,0
DA:5835,0
DA:5836,0
DA:5837,0
DA:5838,0
DA:5839,0
DA:5840,0
DA:5841,0
DA:5842,0
DA:5843,0
DA:5844,0
DA:5845,0
DA:5846,0
DA:5847,0
DA:5848,0
DA:5849,0
DA:5850,0
DA:5851,0
DA:5852,0
DA:5853,0
DA:5854,0
DA:5855,0
DA:5856,0
DA:5857,0
DA:5858,0
DA:5859,0
DA:5860,0
DA:5861,0
DA:5866,0
DA:5867,0
DA:5868,0
DA:5869,0
DA:5870,0
DA:5871,0
DA:5872,0
DA:5873,0
DA:5874,0
DA:5875,0
DA:5876,0
DA:5877,0
DA:5878,0
DA:5879,0
DA:5880,0
DA:5881,0
DA:5882,0
DA:5883,0
DA:5884,0
DA:5885,0
DA:5886,0
DA:5887,0
DA:5888,0
DA:5889,0
DA:5890,0
DA:5891,0
DA:5892,0
DA:5893,0
DA:5894,0
DA:5895,0
DA:5896,0
DA:5897,0
DA:5898,0
DA:5899,0
DA:5904,0
DA:5905,0
DA:5906,0
DA:5907,0
DA:5908,0
DA:5909,0
DA:5910,0
DA:5911,0
DA:5912,0
DA:5913,0
DA:5914,0
DA:5915,0
DA:5916,0
DA:5917,0
DA:5922,0
DA:5923,0
DA:5924,0
DA:5925,0
DA:5926,0
DA:5927,0
DA:5928,0
DA:5929,0
DA:5930,0
DA:5931,0
DA:5932,0
DA:5933,0
DA:5934,0
DA:5935,0
DA:5936,0
DA:5937,0
DA:5938,0
DA:5939,0
DA:5940,0
DA:5941,0
DA:5942,0
DA:5943,0
DA:5944,0
DA:5945,0
DA:5946,0
DA:5947,0
DA:5948,0
DA:5949,0
DA:5950,0
DA:5951,0
DA:5952,0
DA:5953,0
DA:5954,0
DA:5955,0
DA:5956,0
DA:5957,0
DA:5958,0
DA:5959,0
DA:5960,0
DA:5961,0
DA:5962,0
DA:5963,0
DA:5964,0
DA:5965,0
DA:5966,0
DA:5967,0
DA:5968,0
DA:5969,0
DA:5970,0
DA:5971,0
DA:5972,0
DA:5973,0
DA:5974,0
DA:5979,0
DA:5980,0
DA:5981,0
DA:5982,0
DA:5983,0
DA:5984,0
DA:5985,0
DA:5986,0
DA:5987,0
DA:5988,0
DA:5989,0
DA:5990,0
DA:5991,0
DA:5992,0
DA:5993,0
DA:5994,0
DA:5995,0
DA:5996,0
DA:5997,0
DA:5998,0
DA:5999,0
DA:6000,0
DA:6001,0
DA:6002,0
DA:6003,0
DA:6004,0
DA:6005,0
DA:6006,0
DA:6007,0
DA:6008,0
DA:6009,0
DA:6010,0
DA:6011,0
DA:6012,0
DA:6013,0
DA:6014,0
DA:6015,0
DA:6016,0
DA:6017,0
DA:6018,0
DA:6019,0
DA:6020,0
DA:6021,0
DA:6022,0
DA:6023,0
DA:6024,0
DA:6025,0
DA:6026,0
DA:6031,0
DA:6036,0
DA:6041,0
DA:6042,0
DA:6043,0
DA:6048,0
DA:6049,0
DA:6054,0
DA:6055,0
DA:6056,0
DA:6057,0
DA:6058,0
DA:6059,0
DA:6060,0
DA:6061,0
DA:6062,0
DA:6063,0
DA:6064,0
DA:6069,0
DA:6070,0
DA:6071,0
DA:6072,0
DA:6073,0
DA:6074,0
DA:6075,0
DA:6076,0
DA:6077,0
DA:6078,0
DA:6083,0
DA:6084,0
DA:6085,0
DA:6086,0
DA:6087,0
DA:6088,0
DA:6089,0
DA:6090,0
DA:6091,0
DA:6092,0
DA:6093,0
DA:6098,0
DA:6099,0
DA:6100,0
DA:6101,0
DA:6102,0
DA:6103,0
DA:6104,0
DA:6105,0
DA:6106,0
DA:6111,0
DA:6112,0
DA:6113,0
DA:6114,0
DA:6115,0
DA:6116,0
DA:6121,0
DA:6126,0
DA:6127,0
DA:6128,0
DA:6129,0
DA:6130,0
DA:6131,0
DA:6132,0
DA:6133,0
DA:6134,0
DA:6135,0
DA:6136,0
DA:6137,0
DA:6138,0
DA:6139,0
DA:6140,0
DA:6141,0
DA:6142,0
DA:6143,0
DA:6144,0
DA:6145,0
DA:6146,0
DA:6147,0
DA:6148,0
DA:6149,0
DA:6150,0
DA:6151,0
DA:6152,0
DA:6153,0
DA:6154,0
DA:6155,0
DA:6156,0
DA:6157,0
DA:6158,0
DA:6159,0
DA:6160,0
DA:6161,0
DA:6162,0
DA:6167,0
DA:6168,0
DA:6169,0
DA:6170,0
DA:6171,0
DA:6176,0
DA:6177,0
DA:6178,0
DA:6179,0
DA:6180,0
DA:6181,0
DA:6182,0
DA:6183,0
DA:6184,0
DA:6185,0
DA:6186,0
DA:6187,0
DA:6188,0
DA:6189,0
DA:6190,0
DA:6191,0
DA:6192,0
DA:6193,0
DA:6194,0
DA:6195,0
DA:6196,0
DA:6197,0
DA:6198,0
DA:6199,0
DA:6200,0
DA:6201,0
DA:6202,0
DA:6203,0
DA:6204,0
DA:6205,0
DA:6206,0
DA:6207,0
DA:6208,0
DA:6209,0
DA:6210,0
DA:6211,0
DA:6212,0
DA:6213,0
DA:6214,0
DA:6215,0
DA:6216,0
DA:6217,0
DA:6218,0
DA:6219,0
DA:6224,0
DA:6225,0
DA:6226,0
DA:6227,0
DA:6228,0
DA:6233,0
DA:6234,0
DA:6235,0
DA:6236,0
DA:6237,0
DA:6238,0
DA:6239,0
DA:6240,0
DA:6241,0
DA:6242,0
DA:6243,0
DA:6244,0
DA:6245,0
DA:6246,0
DA:6251,0
DA:6256,0
DA:6257,0
DA:6258,0
DA:6259,0
DA:6264,0
DA:6265,0
DA:6266,0
DA:6267,0
DA:6268,0
DA:6269,0
DA:6270,0
DA:6271,0
DA:6272,0
DA:6273,0
DA:6274,0
DA:6275,0
DA:6276,0
DA:6277,0
DA:6278,0
DA:6279,0
DA:6280,0
DA:6281,0
DA:6282,0
DA:6283,0
DA:6284,0
DA:6285,0
DA:6286,0
DA:6287,0
DA:6288,0
DA:6289,0
DA:6290,0
DA:6295,0
DA:6300,0
DA:6301,0
DA:6302,0
DA:6303,0
DA:6304,0
DA:6305,0
DA:6306,0
DA:6307,0
DA:6308,0
DA:6309,0
DA:6310,0
DA:6311,0
DA:6312,0
DA:6313,0
DA:6314,0
DA:6315,0
DA:6316,0
DA:6317,0
DA:6318,0
DA:6319,0
DA:6320,0
DA:6321,0
DA:6322,0
DA:6323,0
DA:6324,0
DA:6325,0
DA:6326,0
DA:6327,0
DA:6328,0
DA:6329,0
DA:6330,0
DA:6331,0
DA:6332,0
DA:6333,0
DA:6334,0
DA:6335,0
DA:6336,0
DA:6337,0
DA:6338,0
DA:6339,0
DA:6340,0
DA:6341,0
DA:6342,0
DA:6343,0
DA:6344,0
DA:6345,0
DA:6346,0
DA:6347,0
DA:6348,0
DA:6349,0
DA:6350,0
DA:6351,0
DA:6352,0
DA:6353,0
DA:6354,0
DA:6355,0
DA:6356,0
DA:6357,0
DA:6358,0
DA:6359,0
DA:6360,0
DA:6361,0
DA:6362,0
DA:6363,0
DA:6364,0
DA:6365,0
DA:6366,0
DA:6367,0
DA:6368,0
DA:6369,0
DA:6370,0
DA:6371,0
DA:6372,0
DA:6373,0
DA:6374,0
DA:6375,0
DA:6376,0
DA:6377,0
DA:6378,0
DA:6379,0
DA:6380,0
DA:6385,0
DA:6386,0
DA:6391,0
DA:6392,0
DA:6393,0
DA:6394,0
DA:6395,0
DA:6396,0
DA:6397,0
DA:6398,0
DA:6403,0
DA:6404,0
DA:6405,0
DA:6406,0
DA:6407,0
DA:6408,0
DA:6409,0
DA:6410,0
DA:6411,0
DA:6412,0
DA:6413,0
DA:6414,0
DA:6415,0
DA:6416,0
DA:6417,0
DA:6418,0
DA:6419,0
DA:6420,0
DA:6421,0
DA:6422,0
DA:6423,0
DA:6424,0
DA:6425,0
DA:6426,0
DA:6427,0
DA:6428,0
DA:6429,0
DA:6430,0
DA:6431,0
DA:6432,0
DA:6433,0
DA:6434,0
DA:6435,0
DA:6436,0
DA:6437,0
DA:6438,0
DA:6439,0
DA:6440,0
DA:6441,0
DA:6442,0
DA:6443,0
DA:6444,0
DA:6445,0
DA:6446,0
DA:6447,0
DA:6448,0
DA:6449,0
DA:6450,0
DA:6451,0
DA:6452,0
DA:6453,0
DA:6454,0
DA:6455,0
DA:6460,0
DA:6461,0
DA:6462,0
DA:6463,0
DA:6464,0
DA:6465,0
DA:6466,0
DA:6467,0
DA:6468,0
DA:6469,0
DA:6470,0
DA:6471,0
DA:6472,0
DA:6473,0
DA:6474,0
DA:6475,0
DA:6476,0
DA:6477,0
DA:6478,0
DA:6479,0
DA:6484,0
DA:6485,0
DA:6486,0
DA:6487,0
DA:6488,0
DA:6489,0
DA:6490,0
DA:6491,0
DA:6492,0
DA:6493,0
DA:6498,0
DA:6499,0
DA:6500,0
DA:6501,0
DA:6502,0
DA:6503,0
DA:6504,0
DA:6509,0
DA:6514,0
DA:6515,0
DA:6516,0
DA:6517,0
DA:6518,0
DA:6523,0
DA:6524,0
DA:6525,0
DA:6526,0
DA:6527,0
DA:6528,0
DA:6529,0
DA:6530,0
DA:6531,0
DA:6532,0
DA:6533,0
DA:6534,0
DA:6535,0
DA:6536,0
DA:6537,0
DA:6538,0
DA:6543,0
DA:6544,0
DA:6545,0
DA:6546,0
DA:6551,0
DA:6556,0
DA:6561,0
DA:6566,0
DA:6567,0
DA:6572,0
DA:6573,0
DA:6578,0
DA:6579,0
DA:6580,0
DA:6581,0
DA:6582,0
DA:6583,0
DA:6584,0
DA:6585,0
DA:6586,0
DA:6587,0
DA:6588,0
DA:6589,0
DA:6590,0
DA:6591,0
DA:6592,0
DA:6593,0
DA:6594,0
DA:6595,0
DA:6596,0
DA:6597,0
DA:6598,0
DA:6599,0
DA:6600,0
DA:6601,0
DA:6602,0
DA:6603,0
DA:6604,0
DA:6605,0
DA:6610,0
DA:6611,0
DA:6612,0
DA:6613,0
DA:6614,0
DA:6615,0
DA:6616,0
DA:6617,0
DA:6618,0
DA:6619,0
DA:6620,0
DA:6621,0
DA:6622,0
DA:6623,0
DA:6624,0
DA:6625,0
DA:6626,0
DA:6627,0
DA:6628,0
DA:6629,0
DA:6630,0
DA:6631,0
DA:6632,0
DA:6633,0
DA:6634,0
DA:6635,0
DA:6636,0
DA:6637,0
DA:6638,0
DA:6639,0
DA:6640,0
DA:6641,0
DA:6642,0
DA:6643,0
DA:6644,0
DA:6645,0
DA:6646,0
DA:6647,0
DA:6648,0
DA:6649,0
DA:6650,0
DA:6651,0
DA:6652,0
DA:6653,0
DA:6654,0
DA:6655,0
DA:6656,0
DA:6657,0
DA:6658,0
DA:6659,0
DA:6660,0
DA:6661,0
DA:6666,0
DA:6667,0
DA:6668,0
DA:6669,0
DA:6670,0
DA:6671,0
DA:6672,0
DA:6673,0
DA:6674,0
DA:6675,0
DA:6680,0
DA:6681,0
DA:6682,0
DA:6683,0
DA:6684,0
DA:6685,0
DA:6686,0
DA:6687,0
DA:6688,0
DA:6689,0
DA:6690,0
DA:6691,0
DA:6692,0
DA:6693,0
DA:6694,0
DA:6695,0
DA:6696,0
DA:6697,0
DA:6698,0
DA:6699,0
DA:6700,0
DA:6705,0
DA:6706,0
DA:6711,0
DA:6712,0
DA:6713,0
DA:6714,0
DA:6715,0
DA:6716,0
DA:6717,0
DA:6718,0
DA:6719,0
DA:6720,0
DA:6721,0
DA:6722,0
DA:6723,0
DA:6724,0
DA:6725,0
DA:6726,0
DA:6727,0
DA:6728,0
DA:6729,0
DA:6730,0
DA:6731,0
DA:6732,0
DA:6733,0
DA:6738,0
DA:6743,0
DA:6744,0
DA:6745,0
DA:6746,0
DA:6747,0
DA:6748,0
DA:6749,0
DA:6750,0
DA:6751,0
DA:6752,0
DA:6753,0
DA:6754,0
DA:6755,0
DA:6756,0
DA:6757,0
DA:6758,0
DA:6763,0
DA:6768,0
DA:6769,0
DA:6770,0
DA:6771,0
DA:6772,0
DA:6773,0
DA:6774,0
DA:6775,0
DA:6776,0
DA:6777,0
DA:6778,0
DA:6779,0
DA:6780,0
DA:6781,0
DA:6782,0
DA:6783,0
DA:6784,0
DA:6785,0
DA:6786,0
DA:6787,0
DA:6788,0
DA:6789,0
DA:6794,0
DA:6795,0
DA:6796,0
DA:6797,0
DA:6798,0
DA:6799,0
DA:6800,0
DA:6801,0
DA:6802,0
DA:6803,0
DA:6804,0
DA:6805,0
DA:6806,0
DA:6807,0
DA:6808,0
DA:6809,0
DA:6810,0
DA:6815,0
DA:6820,0
DA:6825,0
DA:6830,0
DA:6835,0
DA:6840,0
DA:6841,0
DA:6842,0
DA:6843,0
DA:6844,0
DA:6845,0
DA:6846,0
DA:6847,0
DA:6848,0
DA:6849,0
DA:6854,0
DA:6855,0
DA:6856,0
DA:6861,0
DA:6862,0
DA:6863,0
DA:6864,0
DA:6865,0
DA:6866,0
DA:6867,0
DA:6868,0
DA:6869,0
DA:6870,0
DA:6871,0
DA:6872,0
DA:6873,0
DA:6874,0
DA:6875,0
DA:6876,0
DA:6877,0
DA:6878,0
DA:6883,0
DA:6884,0
DA:6885,0
DA:6886,0
DA:6887,0
DA:6888,0
DA:6889,0
DA:6890,0
DA:6895,0
DA:6896,0
DA:6897,0
DA:6898,0
DA:6899,0
DA:6900,0
DA:6901,0
DA:6902,0
DA:6903,0
DA:6908,0
DA:6909,0
DA:6910,0
DA:6911,0
DA:6912,0
DA:6913,0
DA:6914,0
DA:6915,0
DA:6916,0
DA:6917,0
DA:6918,0
DA:6919,0
DA:6920,0
DA:6921,0
DA:6922,0
DA:6923,0
DA:6924,0
DA:6925,0
DA:6926,0
DA:6927,0
DA:6928,0
DA:6929,0
DA:6930,0
DA:6931,0
DA:6932,0
DA:6933,0
DA:6934,0
DA:6935,0
DA:6936,0
DA:6937,0
DA:6938,0
DA:6939,0
DA:6940,0
DA:6941,0
DA:6942,0
DA:6943,0
DA:6944,0
DA:6945,0
DA:6946,0
DA:6947,0
DA:6948,0
DA:6949,0
DA:6950,0
DA:6951,0
DA:6952,0
DA:6953,0
DA:6954,0
DA:6955,0
DA:6956,0
DA:6957,0
DA:6958,0
DA:6959,0
DA:6960,0
DA:6965,0
DA:6966,0
DA:6967,0
DA:6968,0
DA:6969,0
DA:6970,0
DA:6971,0
DA:6972,0
DA:6973,0
DA:6974,0
DA:6979,0
DA:6984,0
DA:6985,0
DA:6986,0
DA:6987,0
DA:6988,0
DA:6989,0
DA:6990,0
DA:6991,0
DA:6992,0
DA:6993,0
DA:6994,0
DA:6995,0
DA:6996,0
DA:6997,0
DA:6998,0
DA:6999,0
DA:7004,0
DA:7005,0
DA:7006,0
DA:7007,0
DA:7008,0
DA:7009,0
DA:7010,0
DA:7011,0
DA:7012,0
DA:7013,0
DA:7014,0
DA:7015,0
DA:7016,0
DA:7017,0
DA:7018,0
DA:7019,0
DA:7020,0
DA:7021,0
DA:7022,0
DA:7027,0
DA:7028,0
DA:7029,0
DA:7030,0
DA:7031,0
DA:7032,0
DA:7033,0
DA:7034,0
DA:7035,0
DA:7036,0
DA:7037,0
DA:7038,0
DA:7039,0
DA:7040,0
DA:7041,0
DA:7042,0
DA:7043,0
DA:7044,0
DA:7045,0
DA:7046,0
DA:7051,0
DA:7052,0
DA:7053,0
DA:7058,0
DA:7059,0
DA:7060,0
DA:7061,0
DA:7062,0
DA:7063,0
DA:7064,0
DA:7065,0
DA:7066,0
DA:7067,0
DA:7068,0
DA:7069,0
DA:7070,0
DA:7071,0
DA:7072,0
DA:7073,0
DA:7074,0
DA:7075,0
DA:7076,0
DA:7077,0
DA:7078,0
DA:7083,0
DA:7084,0
DA:7085,0
DA:7086,0
DA:7087,0
DA:7092,0
DA:7093,0
DA:7094,0
DA:7095,0
DA:7096,0
DA:7097,0
DA:7098,0
DA:7099,0
DA:7100,0
DA:7101,0
DA:7102,0
DA:7103,0
DA:7104,0
DA:7105,0
DA:7106,0
DA:7107,0
DA:7108,0
DA:7109,0
DA:7110,0
DA:7111,0
DA:7112,0
DA:7113,0
DA:7114,0
DA:7115,0
DA:7116,0
DA:7117,0
DA:7118,0
DA:7119,0
DA:7120,0
DA:7121,0
DA:7122,0
DA:7123,0
DA:7124,0
DA:7125,0
DA:7126,0
DA:7127,0
DA:7128,0
DA:7129,0
DA:7130,0
DA:7131,0
DA:7132,0
DA:7133,0
DA:7134,0
DA:7135,0
DA:7136,0
DA:7137,0
DA:7138,0
DA:7139,0
DA:7140,0
DA:7141,0
DA:7146,0
DA:7147,0
DA:7148,0
DA:7149,0
DA:7150,0
DA:7151,0
DA:7152,0
DA:7153,0
DA:7158,0
DA:7159,0
DA:7160,0
DA:7161,0
DA:7162,0
DA:7163,0
DA:7164,0
DA:7165,0
DA:7166,0
DA:7167,0
DA:7168,0
DA:7169,0
DA:7170,0
DA:7171,0
DA:7172,0
DA:7173,0
DA:7174,0
DA:7175,0
DA:7176,0
DA:7181,0
DA:7182,0
DA:7183,0
DA:7184,0
DA:7185,0
DA:7186,0
DA:7187,0
DA:7188,0
DA:7189,0
DA:7190,0
DA:7191,0
DA:7196,0
DA:7197,0
DA:7198,0
DA:7199,0
DA:7200,0
DA:7201,0
DA:7206,0
DA:7207,0
DA:7208,0
DA:7209,0
DA:7210,0
DA:7211,0
DA:7212,0
DA:7213,0
DA:7214,0
DA:7215,0
DA:7216,0
DA:7217,0
DA:7222,0
DA:7227,0
DA:7228,0
DA:7229,0
DA:7230,0
DA:7231,0
DA:7236,0
DA:7237,0
DA:7238,0
DA:7239,0
DA:7240,0
DA:7241,0
DA:7242,0
DA:7243,0
DA:7248,0
DA:7249,0
DA:7250,0
DA:7255,0
DA:7256,0
DA:7257,0
DA:7258,0
DA:7259,0
DA:7260,0
DA:7261,0
DA:7262,0
DA:7267,0
DA:7268,0
DA:7269,0
DA:7270,0
DA:7271,0
DA:7272,0
DA:7273,0
DA:7274,0
DA:7275,0
DA:7276,0
DA:7277,0
DA:7278,0
DA:7283,0
DA:7284,0
DA:7289,0
DA:7294,0
DA:7295,0
DA:7296,0
DA:7297,0
DA:7298,0
DA:7299,0
DA:7300,0
DA:7305,0
DA:7306,0
DA:7307,0
DA:7308,0
DA:7309,0
DA:7310,0
DA:7311,0
DA:7312,0
DA:7313,0
DA:7314,0
DA:7315,0
DA:7316,0
DA:7321,0
DA:7322,0
DA:7323,0
DA:7324,0
DA:7329,0
DA:7330,0
DA:7331,0
DA:7332,0
DA:7333,0
DA:7334,0
DA:7335,0
DA:7336,0
DA:7337,0
DA:7338,0
DA:7339,0
DA:7340,0
DA:7341,0
DA:7342,0
DA:7343,0
DA:7344,0
DA:7345,0
DA:7346,0
DA:7347,0
DA:7348,0
DA:7349,0
DA:7350,0
DA:7351,0
DA:7352,0
DA:7353,0
DA:7354,0
DA:7355,0
DA:7356,0
DA:7357,0
DA:7358,0
DA:7359,0
DA:7360,0
DA:7361,0
DA:7362,0
DA:7363,0
DA:7364,0
DA:7365,0
DA:7366,0
DA:7367,0
DA:7368,0
DA:7369,0
DA:7370,0
DA:7371,0
DA:7372,0
DA:7373,0
DA:7374,0
DA:7375,0
DA:7376,0
DA:7377,0
DA:7378,0
DA:7379,0
DA:7380,0
DA:7381,0
DA:7382,0
DA:7383,0
DA:7384,0
DA:7385,0
DA:7386,0
DA:7387,0
DA:7388,0
DA:7389,0
DA:7390,0
DA:7391,0
DA:7392,0
DA:7393,0
DA:7394,0
DA:7395,0
DA:7396,0
DA:7397,0
DA:7398,0
DA:7399,0
DA:7400,0
DA:7401,0
DA:7402,0
DA:7403,0
DA:7408,0
DA:7413,0
DA:7418,0
DA:7419,0
DA:7420,0
DA:7421,0
DA:7422,0
DA:7423,0
DA:7424,0
DA:7425,0
DA:7426,0
DA:7427,0
DA:7428,0
DA:7429,0
DA:7434,0
DA:7435,0
DA:7436,0
DA:7437,0
DA:7438,0
DA:7439,0
DA:7440,0
DA:7441,0
DA:7442,0
DA:7443,0
DA:7444,0
DA:7445,0
DA:7446,0
DA:7447,0
DA:7448,0
DA:7449,0
DA:7450,0
DA:7451,0
DA:7452,0
DA:7453,0
DA:7454,0
DA:7455,0
DA:7456,0
DA:7457,0
DA:7458,0
DA:7459,0
DA:7460,0
DA:7461,0
DA:7462,0
DA:7463,0
DA:7464,0
DA:7465,0
DA:7466,0
DA:7467,0
DA:7468,0
DA:7469,0
DA:7470,0
DA:7471,0
DA:7472,0
DA:7473,0
DA:7474,0
DA:7475,0
DA:7480,0
DA:7481,0
DA:7482,0
DA:7483,0
DA:7484,0
DA:7485,0
DA:7486,0
DA:7487,0
DA:7488,0
DA:7489,0
DA:7490,0
DA:7491,0
DA:7492,0
DA:7493,0
DA:7494,0
DA:7495,0
DA:7496,0
DA:7497,0
DA:7498,0
DA:7499,0
DA:7500,0
DA:7501,0
DA:7502,0
DA:7503,0
DA:7504,0
DA:7505,0
DA:7506,0
DA:7507,0
DA:7508,0
DA:7509,0
DA:7510,0
DA:7511,0
DA:7512,0
DA:7513,0
DA:7514,0
DA:7515,0
DA:7516,0
DA:7517,0
DA:7522,0
DA:7523,0
DA:7524,0
DA:7525,0
DA:7526,0
DA:7527,0
DA:7528,0
DA:7529,0
DA:7530,0
DA:7531,0
DA:7532,0
DA:7533,0
DA:7534,0
DA:7535,0
DA:7536,0
DA:7537,0
DA:7538,0
DA:7539,0
DA:7540,0
DA:7545,0
DA:7546,0
DA:7547,0
DA:7548,0
DA:7549,0
DA:7550,0
DA:7551,0
DA:7552,0
DA:7553,0
DA:7554,0
DA:7555,0
DA:7556,0
DA:7557,0
DA:7558,0
DA:7559,0
DA:7560,0
DA:7565,0
DA:7570,0
DA:7571,0
DA:7572,0
DA:7573,0
DA:7574,0
DA:7575,0
DA:7576,0
DA:7577,0
DA:7578,0
DA:7579,0
DA:7580,0
DA:7581,0
DA:7582,0
DA:7583,0
DA:7584,0
DA:7585,0
DA:7586,0
DA:7587,0
DA:7588,0
DA:7589,0
DA:7590,0
DA:7591,0
DA:7592,0
DA:7593,0
DA:7594,0
DA:7599,0
DA:7600,0
DA:7601,0
DA:7602,0
DA:7603,0
DA:7604,0
DA:7605,0
DA:7606,0
DA:7607,0
DA:7608,0
DA:7609,0
DA:7610,0
DA:7611,0
DA:7612,0
DA:7613,0
DA:7614,0
DA:7615,0
DA:7616,0
DA:7617,0
DA:7618,0
DA:7619,0
DA:7620,0
DA:7621,0
DA:7622,0
DA:7623,0
DA:7624,0
DA:7625,0
DA:7626,0
DA:7627,0
DA:7628,0
DA:7629,0
DA:7630,0
DA:7631,0
DA:7632,0
DA:7633,0
DA:7634,0
DA:7635,0
DA:7636,0
DA:7637,0
DA:7638,0
DA:7639,0
DA:7640,0
DA:7645,0
DA:7646,0
DA:7647,0
DA:7648,0
DA:7649,0
DA:7650,0
DA:7655,0
DA:7656,0
DA:7661,0
DA:7662,0
DA:7663,0
DA:7664,0
DA:7665,0
DA:7666,0
DA:7667,0
DA:7668,0
DA:7669,0
DA:7670,0
DA:7671,0
DA:7672,0
DA:7673,0
DA:7674,0
DA:7679,0
DA:7684,0
DA:7689,0
DA:7690,0
DA:7691,0
DA:7692,0
DA:7697,0
DA:7698,0
DA:7703,0
DA:7704,0
DA:7709,0
DA:7710,0
DA:7711,0
DA:7716,0
DA:7721,0
DA:7722,0
DA:7723,0
DA:7724,0
DA:7725,0
DA:7726,0
DA:7727,0
DA:7728,0
DA:7729,0
DA:7730,0
DA:7731,0
DA:7732,0
DA:7733,0
DA:7734,0
DA:7735,0
DA:7736,0
DA:7737,0
DA:7738,0
DA:7739,0
DA:7740,0
DA:7741,0
DA:7742,0
DA:7743,0
DA:7744,0
DA:7745,0
DA:7746,0
DA:7747,0
DA:7748,0
DA:7749,0
DA:7750,0
DA:7751,0
DA:7752,0
DA:7753,0
DA:7754,0
DA:7755,0
DA:7756,0
DA:7757,0
DA:7758,0
DA:7759,0
DA:7760,0
DA:7761,0
DA:7762,0
DA:7763,0
DA:7764,0
DA:7765,0
DA:7766,0
DA:7767,0
DA:7768,0
DA:7769,0
DA:7770,0
DA:7771,0
DA:7772,0
DA:7773,0
DA:7774,0
DA:7775,0
DA:7776,0
DA:7777,0
DA:7778,0
DA:7779,0
DA:7780,0
DA:7781,0
DA:7782,0
DA:7783,0
DA:7784,0
DA:7785,0
DA:7790,0
DA:7791,0
DA:7792,0
DA:7793,0
DA:7794,0
DA:7799,0
DA:7800,0
DA:7805,0
DA:7806,0
DA:7807,0
DA:7812,0
DA:7813,0
DA:7814,0
DA:7815,0
DA:7816,0
DA:7817,0
DA:7822,0
DA:7827,0
DA:7832,0
DA:7833,0
DA:7834,0
DA:7835,0
DA:7836,0
DA:7837,0
DA:7838,0
DA:7839,0
DA:7840,0
DA:7841,0
DA:7842,0
DA:7843,0
DA:7844,0
DA:7845,0
DA:7846,0
DA:7847,0
DA:7852,0
DA:7857,0
DA:7858,0
DA:7859,0
DA:7860,0
DA:7861,0
DA:7862,0
DA:7863,0
DA:7864,0
DA:7865,0
DA:7866,0
DA:7867,0
DA:7868,0
DA:7869,0
DA:7870,0
DA:7871,0
DA:7872,0
DA:7873,0
DA:7874,0
DA:7875,0
DA:7876,0
DA:7877,0
DA:7882,0
DA:7883,0
DA:7884,0
DA:7885,0
DA:7886,0
DA:7887,0
DA:7888,0
DA:7889,0
DA:7890,0
DA:7891,0
DA:7892,0
DA:7893,0
DA:7894,0
DA:7895,0
DA:7896,0
DA:7897,0
DA:7898,0
DA:7899,0
DA:7904,0
DA:7905,0
DA:7906,0
DA:7907,0
DA:7908,0
DA:7909,0
DA:7914,0
DA:7915,0
DA:7916,0
DA:7917,0
DA:7918,0
DA:7919,0
DA:7920,0
DA:7921,0
DA:7926,0
DA:7927,0
DA:7928,0
DA:7933,0
DA:7934,0
DA:7935,0
DA:7936,0
DA:7937,0
DA:7938,0
DA:7939,0
DA:7940,0
DA:7941,0
DA:7942,0
DA:7943,0
DA:7944,0
DA:7945,0
DA:7950,0
DA:7955,0
DA:7960,0
DA:7961,0
DA:7962,0
DA:7963,0
DA:7964,0
DA:7965,0
DA:7966,0
DA:7967,0
DA:7968,0
DA:7969,0
DA:7970,0
DA:7971,0
DA:7972,0
DA:7973,0
DA:7974,0
DA:7975,0
DA:7976,0
DA:7977,0
DA:7978,0
DA:7979,0
DA:7980,0
DA:7981,0
DA:7982,0
DA:7983,0
DA:7984,0
DA:7985,0
DA:7986,0
DA:7987,0
DA:7988,0
DA:7989,0
DA:7990,0
DA:7991,0
DA:7992,0
DA:7993,0
DA:7994,0
DA:7995,0
DA:7996,0
DA:7997,0
DA:7998,0
DA:7999,0
DA:8000,0
DA:8001,0
DA:8002,0
DA:8003,0
DA:8004,0
DA:8005,0
DA:8006,0
DA:8007,0
DA:8008,0
DA:8009,0
DA:8010,0
DA:8011,0
DA:8012,0
DA:8013,0
DA:8018,0
DA:8019,0
DA:8020,0
DA:8021,0
DA:8022,0
DA:8023,0
DA:8024,0
DA:8025,0
DA:8026,0
DA:8027,0
DA:8028,0
DA:8029,0
DA:8030,0
DA:8031,0
DA:8032,0
DA:8033,0
DA:8034,0
DA:8035,0
DA:8036,0
DA:8037,0
DA:8038,0
DA:8039,0
DA:8040,0
DA:8041,0
DA:8042,0
DA:8047,0
DA:8048,0
DA:8049,0
DA:8050,0
DA:8051,0
DA:8052,0
DA:8053,0
DA:8054,0
DA:8055,0
DA:8056,0
DA:8057,0
DA:8058,0
DA:8059,0
DA:8060,0
DA:8061,0
DA:8062,0
DA:8063,0
DA:8064,0
DA:8065,0
DA:8066,0
DA:8067,0
DA:8068,0
DA:8073,0
DA:8074,0
DA:8075,0
DA:8080,0
DA:8081,0
DA:8082,0
DA:8083,0
DA:8084,0
DA:8085,0
DA:8086,0
DA:8087,0
DA:8088,0
DA:8089,0
DA:8090,0
DA:8091,0
DA:8092,0
DA:8093,0
DA:8098,0
DA:8099,0
DA:8100,0
DA:8101,0
DA:8102,0
DA:8103,0
DA:8104,0
DA:8105,0
DA:8106,0
DA:8107,0
DA:8108,0
DA:8109,0
DA:8110,0
DA:8111,0
DA:8112,0
DA:8113,0
DA:8114,0
DA:8115,0
DA:8116,0
DA:8117,0
DA:8118,0
DA:8119,0
DA:8120,0
DA:8121,0
DA:8122,0
DA:8123,0
DA:8124,0
DA:8125,0
DA:8126,0
DA:8127,0
DA:8128,0
DA:8129,0
DA:8130,0
DA:8131,0
DA:8132,0
DA:8137,0
DA:8138,0
DA:8139,0
DA:8140,0
DA:8141,0
DA:8142,0
DA:8143,0
DA:8144,0
DA:8145,0
DA:8146,0
DA:8147,0
DA:8148,0
DA:8149,0
DA:8150,0
DA:8151,0
DA:8152,0
DA:8153,0
DA:8154,0
DA:8155,0
DA:8156,0
DA:8157,0
DA:8158,0
DA:8159,0
DA:8160,0
DA:8161,0
DA:8162,0
DA:8163,0
DA:8164,0
DA:8169,0
DA:8170,0
DA:8171,0
DA:8172,0
DA:8173,0
DA:8174,0
DA:8175,0
DA:8176,0
DA:8177,0
DA:8178,0
DA:8179,0
DA:8180,0
DA:8181,0
DA:8182,0
DA:8183,0
DA:8184,0
DA:8185,0
DA:8186,0
DA:8191,0
DA:8192,0
DA:8193,0
DA:8194,0
DA:8195,0
DA:8196,0
DA:8197,0
DA:8198,0
DA:8199,0
DA:8200,0
DA:8201,0
DA:8202,0
DA:8207,0
DA:8208,0
DA:8209,0
DA:8210,0
DA:8211,0
DA:8212,0
DA:8213,0
DA:8214,0
DA:8215,0
DA:8216,0
DA:8217,0
DA:8218,0
DA:8219,0
DA:8220,0
DA:8221,0
DA:8222,0
DA:8223,0
DA:8224,0
DA:8225,0
DA:8226,0
DA:8227,0
DA:8228,0
DA:8229,0
DA:8230,0
DA:8231,0
DA:8232,0
DA:8233,0
DA:8234,0
DA:8235,0
DA:8236,0
DA:8237,0
DA:8238,0
DA:8239,0
DA:8244,0
DA:8249,0
DA:8254,0
DA:8259,0
DA:8260,0
DA:8261,0
DA:8266,0
DA:8267,0
DA:8268,0
DA:8269,0
DA:8270,0
DA:8271,0
DA:8272,0
DA:8273,0
DA:8274,0
DA:8275,0
DA:8276,0
DA:8277,0
DA:8278,0
DA:8279,0
DA:8280,0
DA:8281,0
DA:8282,0
DA:8283,0
DA:8284,0
DA:8289,0
DA:8290,0
DA:8291,0
DA:8292,0
DA:8293,0
DA:8294,0
DA:8295,0
DA:8300,0
DA:8301,0
DA:8302,0
DA:8303,0
DA:8304,0
DA:8305,0
DA:8306,0
DA:8307,0
DA:8308,0
DA:8309,0
DA:8310,0
DA:8311,0
DA:8312,0
DA:8313,0
DA:8314,0
DA:8315,0
DA:8316,0
DA:8317,0
DA:8318,0
DA:8319,0
DA:8320,0
DA:8321,0
DA:8322,0
DA:8323,0
DA:8324,0
DA:8325,0
DA:8326,0
DA:8327,0
DA:8328,0
DA:8329,0
DA:8330,0
DA:8331,0
DA:8332,0
DA:8333,0
DA:8334,0
DA:8335,0
DA:8340,0
DA:8341,0
DA:8342,0
DA:8343,0
DA:8344,0
DA:8345,0
DA:8346,0
DA:8347,0
DA:8348,0
DA:8349,0
DA:8350,0
DA:8351,0
DA:8352,0
DA:8353,0
DA:8354,0
DA:8355,0
DA:8356,0
DA:8357,0
DA:8358,0
DA:8359,0
DA:8360,0
DA:8361,0
DA:8362,0
DA:8363,0
DA:8364,0
DA:8365,0
DA:8366,0
DA:8367,0
DA:8368,0
DA:8369,0
DA:8370,0
DA:8371,0
DA:8372,0
DA:8373,0
DA:8374,0
DA:8375,0
DA:8376,0
DA:8377,0
DA:8378,0
DA:8379,0
DA:8380,0
DA:8381,0
DA:8382,0
DA:8383,0
DA:8384,0
DA:8385,0
DA:8386,0
DA:8387,0
DA:8388,0
DA:8389,0
DA:8390,0
DA:8391,0
DA:8392,0
DA:8393,0
DA:8398,0
DA:8403,0
DA:8404,0
DA:8405,0
DA:8406,0
DA:8411,0
DA:8412,0
DA:8413,0
DA:8414,0
DA:8415,0
DA:8416,0
DA:8417,0
DA:8418,0
DA:8423,0
DA:8424,0
DA:8425,0
DA:8426,0
DA:8427,0
DA:8428,0
DA:8429,0
DA:8430,0
DA:8431,0
DA:8432,0
DA:8433,0
DA:8434,0
DA:8435,0
DA:8436,0
DA:8437,0
DA:8438,0
DA:8439,0
DA:8440,0
DA:8441,0
DA:8442,0
DA:8443,0
DA:8444,0
DA:8445,0
DA:8446,0
DA:8447,0
DA:8448,0
DA:8449,0
DA:8450,0
DA:8451,0
DA:8452,0
DA:8453,0
DA:8454,0
DA:8455,0
DA:8456,0
DA:8457,0
DA:8458,0
DA:8459,0
DA:8460,0
DA:8465,0
DA:8466,0
DA:8467,0
DA:8468,0
DA:8469,0
DA:8470,0
DA:8471,0
DA:8472,0
DA:8473,0
DA:8478,0
DA:8479,0
DA:8480,0
DA:8481,0
DA:8482,0
DA:8483,0
DA:8484,0
DA:8485,0
DA:8486,0
DA:8487,0
DA:8488,0
DA:8489,0
DA:8490,0
DA:8491,0
DA:8492,0
DA:8493,0
DA:8494,0
DA:8495,0
DA:8496,0
DA:8497,0
DA:8498,0
DA:8499,0
DA:8500,0
DA:8501,0
DA:8502,0
DA:8503,0
DA:8504,0
DA:8505,0
DA:8506,0
DA:8507,0
DA:8508,0
DA:8509,0
DA:8510,0
DA:8511,0
DA:8512,0
DA:8513,0
DA:8514,0
DA:8515,0
DA:8516,0
DA:8517,0
DA:8518,0
DA:8519,0
DA:8520,0
DA:8521,0
DA:8522,0
DA:8527,0
DA:8528,0
DA:8529,0
DA:8530,0
DA:8531,0
DA:8532,0
DA:8533,0
DA:8534,0
DA:8539,0
DA:8544,0
DA:8545,0
DA:8546,0
DA:8551,0
DA:8552,0
DA:8557,0
DA:8562,0
DA:8567,0
DA:8572,0
DA:8577,0
DA:8582,0
DA:8583,0
DA:8584,0
DA:8585,0
DA:8586,0
DA:8587,0
DA:8588,0
DA:8589,0
DA:8590,0
DA:8591,0
DA:8592,0
DA:8593,0
DA:8594,0
DA:8595,0
DA:8596,0
DA:8601,0
DA:8602,0
DA:8603,0
DA:8604,0
DA:8605,0
DA:8606,0
DA:8607,0
DA:8608,0
DA:8609,0
DA:8610,0
DA:8611,0
DA:8612,0
DA:8613,0
DA:8614,0
DA:8615,0
DA:8616,0
DA:8617,0
DA:8618,0
DA:8619,0
DA:8620,0
DA:8621,0
DA:8622,0
DA:8623,0
DA:8624,0
DA:8625,0
DA:8626,0
DA:8627,0
DA:8628,0
DA:8629,0
DA:8630,0
DA:8631,0
DA:8632,0
DA:8633,0
DA:8634,0
DA:8635,0
DA:8636,0
DA:8637,0
DA:8638,0
DA:8639,0
DA:8640,0
DA:8641,0
DA:8642,0
DA:8643,0
DA:8644,0
DA:8645,0
DA:8646,0
DA:8651,0
DA:8652,0
DA:8653,0
DA:8654,0
DA:8655,0
DA:8660,0
DA:8665,0
DA:8670,0
DA:8675,0
DA:8676,0
DA:8677,0
DA:8678,0
DA:8679,0
DA:8680,0
DA:8681,0
DA:8682,0
DA:8683,0
DA:8688,0
DA:8689,0
DA:8690,0
DA:8695,0
DA:8696,0
DA:8697,0
DA:8698,0
DA:8699,0
DA:8700,0
DA:8701,0
DA:8702,0
DA:8703,0
DA:8704,0
DA:8705,0
DA:8706,0
DA:8707,0
DA:8708,0
DA:8709,0
DA:8710,0
DA:8711,0
DA:8712,0
DA:8713,0
DA:8718,0
DA:8723,0
DA:8724,0
DA:8729,0
DA:8730,0
DA:8731,0
DA:8732,0
DA:8737,0
DA:8742,0
DA:8743,0
DA:8744,0
DA:8745,0
DA:8746,0
DA:8747,0
DA:8748,0
DA:8749,0
DA:8750,0
DA:8751,0
DA:8752,0
DA:8753,0
DA:8754,0
DA:8755,0
DA:8756,0
DA:8757,0
DA:8758,0
DA:8759,0
DA:8760,0
DA:8761,0
DA:8766,0
DA:8771,0
DA:8776,0
DA:8777,0
DA:8778,0
DA:8779,0
DA:8780,0
DA:8781,0
DA:8782,0
DA:8783,0
DA:8784,0
DA:8785,0
DA:8786,0
DA:8787,0
DA:8788,0
DA:8789,0
DA:8790,0
DA:8795,0
DA:8796,0
DA:8797,0
DA:8798,0
DA:8799,0
DA:8800,0
DA:8801,0
DA:8802,0
DA:8803,0
DA:8804,0
DA:8805,0
DA:8806,0
DA:8807,0
DA:8812,0
DA:8817,0
DA:8818,0
DA:8819,0
DA:8820,0
DA:8825,0
DA:8830,0
DA:8835,0
DA:8840,0
DA:8845,0
DA:8846,0
DA:8851,0
DA:8852,0
DA:8857,0
DA:8862,0
DA:8867,0
DA:8868,0
DA:8869,0
DA:8874,0
DA:8875,0
DA:8876,0
DA:8881,0
DA:8882,0
DA:8883,0
DA:8884,0
DA:8885,0
DA:8886,0
DA:8887,0
DA:8888,0
DA:8893,0
DA:8894,0
DA:8895,0
DA:8896,0
DA:8901,0
DA:8906,0
DA:8907,0
DA:8908,0
DA:8909,0
DA:8910,0
DA:8915,0
DA:8916,0
DA:8921,0
DA:8926,0
DA:8927,0
DA:8928,0
DA:8929,0
DA:8930,0
DA:8931,0
DA:8932,0
DA:8933,0
DA:8934,0
DA:8935,0
DA:8936,0
DA:8937,0
DA:8938,0
DA:8939,0
DA:8940,0
DA:8941,0
DA:8942,0
DA:8943,0
DA:8944,0
DA:8945,0
DA:8946,0
DA:8947,0
DA:8948,0
DA:8949,0
DA:8950,0
DA:8951,0
DA:8952,0
DA:8953,0
DA:8954,0
DA:8955,0
DA:8956,0
DA:8957,0
DA:8958,0
DA:8959,0
DA:8960,0
DA:8965,0
DA:8966,0
DA:8967,0
DA:8968,0
DA:8969,0
DA:8970,0
DA:8971,0
DA:8972,0
DA:8973,0
DA:8974,0
DA:8975,0
DA:8976,0
DA:8981,0
DA:8986,0
DA:8987,0
DA:8988,0
DA:8989,0
DA:8990,0
DA:8991,0
DA:8992,0
DA:8997,0
DA:9002,0
DA:9003,0
DA:9004,0
DA:9005,0
DA:9006,0
DA:9007,0
DA:9008,0
DA:9009,0
DA:9014,0
DA:9015,0
DA:9016,0
DA:9021,0
DA:9022,0
DA:9023,0
DA:9024,0
DA:9025,0
DA:9026,0
DA:9027,0
DA:9032,0
DA:9033,0
DA:9034,0
DA:9035,0
DA:9036,0
DA:9037,0
DA:9038,0
DA:9039,0
DA:9040,0
DA:9041,0
DA:9042,0
DA:9043,0
DA:9044,0
DA:9045,0
DA:9046,0
DA:9047,0
DA:9048,0
DA:9049,0
DA:9050,0
DA:9051,0
DA:9052,0
DA:9053,0
DA:9054,0
DA:9055,0
DA:9056,0
DA:9057,0
DA:9062,0
DA:9067,0
DA:9072,0
DA:9077,0
DA:9082,0
DA:9087,0
DA:9092,0
DA:9097,0
DA:9102,0
DA:9103,0
DA:9104,0
DA:9105,0
DA:9106,0
DA:9107,0
DA:9108,0
DA:9109,0
DA:9110,0
DA:9111,0
DA:9112,0
DA:9113,0
DA:9114,0
DA:9115,0
DA:9120,0
DA:9121,0
DA:9122,0
DA:9123,0
DA:9124,0
DA:9125,0
DA:9126,0
DA:9127,0
DA:9128,0
DA:9129,0
DA:9130,0
DA:9131,0
DA:9132,0
DA:9133,0
DA:9134,0
DA:9135,0
DA:9136,0
DA:9137,0
DA:9138,0
DA:9139,0
DA:9140,0
DA:9141,0
DA:9142,0
DA:9143,0
DA:9144,0
DA:9145,0
DA:9146,0
DA:9147,0
DA:9148,0
DA:9153,0
DA:9154,0
DA:9155,0
DA:9156,0
DA:9157,0
DA:9158,0
DA:9159,0
DA:9160,0
DA:9161,0
DA:9162,0
DA:9163,0
DA:9164,0
DA:9165,0
DA:9166,0
DA:9167,0
DA:9168,0
DA:9169,0
DA:9170,0
DA:9171,0
DA:9172,0
DA:9173,0
DA:9174,0
DA:9175,0
DA:9176,0
DA:9177,0
DA:9178,0
DA:9179,0
DA:9180,0
DA:9181,0
DA:9186,0
DA:9187,0
DA:9188,0
DA:9189,0
DA:9190,0
DA:9191,0
DA:9192,0
DA:9193,0
DA:9194,0
DA:9195,0
DA:9196,0
DA:9201,0
DA:9202,0
DA:9203,0
DA:9204,0
DA:9205,0
DA:9206,0
DA:9207,0
DA:9208,0
DA:9209,0
DA:9210,0
DA:9211,0
DA:9212,0
DA:9213,0
DA:9214,0
DA:9215,0
DA:9216,0
DA:9217,0
DA:9218,0
DA:9219,0
DA:9220,0
DA:9221,0
DA:9222,0
DA:9223,0
DA:9224,0
DA:9225,0
DA:9226,0
DA:9227,0
DA:9228,0
DA:9229,0
DA:9230,0
DA:9231,0
DA:9232,0
DA:9233,0
DA:9234,0
DA:9235,0
DA:9236,0
DA:9237,0
DA:9238,0
DA:9239,0
DA:9240,0
DA:9241,0
DA:9242,0
DA:9243,0
DA:9244,0
DA:9245,0
DA:9246,0
DA:9247,0
DA:9248,0
DA:9249,0
DA:9250,0
DA:9251,0
DA:9252,0
DA:9257,0
DA:9262,0
DA:9263,0
DA:9264,0
DA:9265,0
DA:9266,0
DA:9267,0
DA:9268,0
DA:9269,0
DA:9270,0
DA:9271,0
DA:9272,0
DA:9273,0
DA:9274,0
DA:9275,0
DA:9276,0
DA:9277,0
DA:9278,0
DA:9279,0
DA:9280,0
DA:9281,0
DA:9282,0
DA:9283,0
DA:9284,0
DA:9285,0
DA:9286,0
DA:9287,0
DA:9288,0
DA:9289,0
DA:9290,0
DA:9291,0
DA:9292,0
DA:9293,0
DA:9294,0
DA:9295,0
DA:9296,0
DA:9297,0
DA:9298,0
DA:9299,0
DA:9300,0
DA:9301,0
DA:9302,0
DA:9303,0
DA:9304,0
DA:9305,0
DA:9310,0
DA:9311,0
DA:9312,0
DA:9313,0
DA:9314,0
DA:9315,0
DA:9316,0
DA:9317,0
DA:9318,0
DA:9319,0
DA:9320,0
DA:9321,0
DA:9322,0
DA:9323,0
DA:9324,0
DA:9325,0
DA:9326,0
DA:9327,0
DA:9328,0
DA:9329,0
DA:9330,0
DA:9331,0
DA:9332,0
DA:9333,0
DA:9334,0
DA:9335,0
DA:9336,0
DA:9337,0
DA:9338,0
DA:9339,0
DA:9340,0
DA:9341,0
DA:9342,0
DA:9343,0
DA:9344,0
DA:9345,0
DA:9346,0
DA:9347,0
DA:9348,0
DA:9349,0
DA:9350,0
DA:9355,0
DA:9356,0
DA:9357,0
DA:9358,0
DA:9359,0
DA:9360,0
DA:9361,0
DA:9362,0
DA:9363,0
DA:9364,0
DA:9365,0
DA:9366,0
DA:9367,0
DA:9368,0
DA:9369,0
DA:9370,0
DA:9371,0
DA:9372,0
DA:9373,0
DA:9374,0
DA:9375,0
DA:9376,0
DA:9377,0
DA:9378,0
DA:9379,0
DA:9380,0
DA:9381,0
DA:9382,0
DA:9383,0
DA:9384,0
DA:9385,0
DA:9386,0
DA:9387,0
DA:9388,0
DA:9389,0
DA:9390,0
DA:9391,0
DA:9392,0
DA:9393,0
DA:9394,0
DA:9395,0
DA:9396,0
DA:9397,0
DA:9398,0
DA:9399,0
DA:9400,0
DA:9401,0
DA:9402,0
DA:9403,0
DA:9404,0
DA:9405,0
DA:9406,0
DA:9407,0
DA:9408,0
DA:9409,0
DA:9410,0
DA:9411,0
DA:9412,0
DA:9413,0
DA:9414,0
DA:9415,0
DA:9416,0
DA:9417,0
DA:9418,0
DA:9419,0
DA:9420,0
DA:9421,0
DA:9422,0
DA:9423,0
DA:9424,0
DA:9425,0
DA:9426,0
DA:9427,0
DA:9432,0
DA:9433,0
DA:9434,0
DA:9435,0
DA:9440,0
DA:9441,0
DA:9442,0
DA:9443,0
DA:9444,0
DA:9449,0
DA:9450,0
DA:9451,0
DA:9452,0
DA:9453,0
DA:9454,0
DA:9455,0
DA:9456,0
DA:9457,0
DA:9458,0
DA:9459,0
DA:9460,0
DA:9461,0
DA:9462,0
DA:9467,0
DA:9468,0
DA:9469,0
DA:9470,0
DA:9471,0
DA:9472,0
DA:9473,0
DA:9474,0
DA:9475,0
DA:9476,0
DA:9477,0
DA:9478,0
DA:9479,0
DA:9480,0
DA:9481,0
DA:9482,0
DA:9483,0
DA:9484,0
DA:9485,0
DA:9486,0
DA:9487,0
DA:9488,0
DA:9489,0
DA:9490,0
DA:9495,0
DA:9496,0
DA:9497,0
DA:9498,0
DA:9499,0
DA:9500,0
DA:9501,0
DA:9502,0
DA:9503,0
DA:9504,0
DA:9505,0
DA:9506,0
DA:9507,0
DA:9508,0
DA:9513,0
DA:9514,0
DA:9515,0
DA:9516,0
DA:9517,0
DA:9518,0
DA:9519,0
DA:9520,0
DA:9521,0
DA:9522,0
DA:9523,0
DA:9524,0
DA:9525,0
DA:9526,0
DA:9527,0
DA:9528,0
DA:9529,0
DA:9530,0
DA:9531,0
DA:9532,0
DA:9533,0
DA:9534,0
DA:9535,0
DA:9536,0
DA:9537,0
DA:9538,0
DA:9539,0
DA:9540,0
DA:9541,0
DA:9542,0
DA:9543,0
DA:9544,0
DA:9545,0
DA:9546,0
DA:9547,0
DA:9548,0
DA:9549,0
DA:9550,0
DA:9551,0
DA:9552,0
DA:9553,0
DA:9554,0
DA:9555,0
DA:9560,0
DA:9561,0
DA:9562,0
DA:9563,0
DA:9564,0
DA:9565,0
DA:9566,0
DA:9571,0
DA:9576,0
DA:9577,0
DA:9578,0
DA:9579,0
DA:9580,0
DA:9581,0
DA:9582,0
DA:9583,0
DA:9584,0
DA:9585,0
DA:9586,0
DA:9587,0
DA:9588,0
DA:9589,0
DA:9590,0
DA:9591,0
DA:9592,0
DA:9593,0
DA:9594,0
DA:9595,0
DA:9596,0
DA:9597,0
DA:9598,0
DA:9599,0
DA:9600,0
DA:9601,0
DA:9602,0
DA:9603,0
DA:9604,0
DA:9605,0
DA:9606,0
DA:9607,0
DA:9612,0
DA:9613,0
DA:9614,0
DA:9615,0
DA:9616,0
DA:9617,0
DA:9618,0
DA:9619,0
DA:9620,0
DA:9621,0
DA:9622,0
DA:9623,0
DA:9624,0
DA:9625,0
DA:9626,0
DA:9627,0
DA:9628,0
DA:9629,0
DA:9630,0
DA:9631,0
DA:9632,0
DA:9633,0
DA:9634,0
DA:9635,0
DA:9636,0
DA:9637,0
DA:9638,0
DA:9639,0
DA:9640,0
DA:9641,0
DA:9642,0
DA:9643,0
DA:9644,0
DA:9645,0
DA:9646,0
DA:9647,0
DA:9648,0
DA:9649,0
DA:9650,0
DA:9651,0
DA:9652,0
DA:9657,0
DA:9658,0
DA:9659,0
DA:9664,0
DA:9665,0
DA:9666,0
DA:9671,0
DA:9672,0
DA:9673,0
DA:9674,0
DA:9675,0
DA:9676,0
DA:9677,0
DA:9678,0
DA:9679,0
DA:9684,0
DA:9685,0
DA:9686,0
DA:9691,0
DA:9692,0
DA:9693,0
DA:9694,0
DA:9699,0
DA:9700,0
DA:9701,0
DA:9702,0
DA:9703,0
DA:9704,0
DA:9705,0
DA:9706,0
DA:9707,0
DA:9708,0
DA:9709,0
DA:9710,0
DA:9711,0
DA:9712,0
DA:9713,0
DA:9714,0
DA:9715,0
DA:9716,0
DA:9721,0
DA:9722,0
DA:9723,0
DA:9724,0
DA:9725,0
DA:9726,0
DA:9727,0
DA:9728,0
DA:9729,0
DA:9730,0
DA:9731,0
DA:9732,0
DA:9733,0
DA:9734,0
DA:9735,0
DA:9736,0
DA:9737,0
DA:9738,0
DA:9743,0
DA:9744,0
DA:9745,0
DA:9746,0
DA:9747,0
DA:9748,0
DA:9749,0
DA:9750,0
DA:9751,0
DA:9752,0
DA:9753,0
DA:9754,0
DA:9755,0
DA:9756,0
DA:9757,0
DA:9758,0
DA:9759,0
DA:9760,0
DA:9761,0
DA:9762,0
DA:9763,0
DA:9764,0
DA:9765,0
DA:9766,0
DA:9767,0
DA:9768,0
DA:9773,0
DA:9774,0
DA:9775,0
DA:9776,0
DA:9777,0
DA:9778,0
DA:9779,0
DA:9780,0
DA:9781,0
DA:9782,0
DA:9783,0
DA:9784,0
DA:9785,0
DA:9786,0
DA:9787,0
DA:9788,0
DA:9789,0
DA:9790,0
DA:9791,0
DA:9796,0
DA:9797,0
DA:9798,0
DA:9799,0
DA:9800,0
DA:9801,0
DA:9802,0
DA:9803,0
DA:9804,0
DA:9805,0
DA:9806,0
DA:9807,0
DA:9808,0
DA:9809,0
DA:9810,0
DA:9811,0
DA:9812,0
DA:9813,0
DA:9814,0
DA:9815,0
DA:9816,0
DA:9817,0
DA:9818,0
DA:9819,0
DA:9820,0
DA:9821,0
DA:9822,0
DA:9823,0
DA:9824,0
DA:9825,0
DA:9830,0
DA:9831,0
DA:9832,0
DA:9833,0
DA:9834,0
DA:9839,0
DA:9840,0
DA:9841,0
DA:9842,0
DA:9847,0
DA:9852,0
DA:9853,0
DA:9854,0
DA:9855,0
DA:9856,0
DA:9857,0
DA:9858,0
DA:9863,0
DA:9868,0
DA:9869,0
DA:9870,0
DA:9871,0
DA:9872,0
DA:9873,0
DA:9874,0
DA:9875,0
DA:9876,0
DA:9877,0
DA:9878,0
DA:9879,0
DA:9880,0
DA:9881,0
DA:9882,0
DA:9883,0
DA:9884,0
DA:9885,0
DA:9886,0
DA:9887,0
DA:9888,0
DA:9889,0
DA:9890,0
DA:9891,0
DA:9892,0
DA:9893,0
DA:9894,0
DA:9895,0
DA:9896,0
DA:9897,0
DA:9898,0
DA:9899,0
DA:9900,0
DA:9901,0
DA:9906,0
DA:9911,0
DA:9916,0
DA:9917,0
DA:9918,0
DA:9919,0
DA:9920,0
DA:9921,0
DA:9922,0
DA:9923,0
DA:9924,0
DA:9925,0
DA:9926,0
DA:9927,0
DA:9928,0
DA:9929,0
DA:9930,0
DA:9935,0
DA:9936,0
DA:9937,0
DA:9938,0
DA:9939,0
DA:9940,0
DA:9941,0
DA:9942,0
DA:9943,0
DA:9944,0
DA:9945,0
DA:9946,0
DA:9947,0
DA:9948,0
DA:9949,0
DA:9950,0
DA:9951,0
DA:9952,0
DA:9953,0
DA:9954,0
DA:9955,0
DA:9956,0
DA:9957,0
DA:9958,0
DA:9959,0
DA:9960,0
DA:9961,0
DA:9962,0
DA:9963,0
DA:9964,0
DA:9965,0
DA:9966,0
DA:9967,0
DA:9968,0
DA:9969,0
DA:9970,0
DA:9971,0
DA:9972,0
DA:9973,0
DA:9974,0
DA:9975,0
DA:9976,0
DA:9977,0
DA:9978,0
DA:9979,0
DA:9980,0
DA:9981,0
DA:9982,0
DA:9983,0
DA:9984,0
DA:9985,0
DA:9986,0
DA:9987,0
DA:9988,0
DA:9989,0
DA:9990,0
DA:9991,0
DA:9992,0
DA:9997,0
DA:9998,0
DA:9999,0
DA:10000,0
DA:10001,0
DA:10002,0
DA:10007,0
DA:10008,0
DA:10009,0
DA:10010,0
DA:10011,0
DA:10012,0
DA:10013,0
DA:10014,0
DA:10015,0
DA:10016,0
DA:10017,0
DA:10018,0
DA:10019,0
DA:10020,0
DA:10021,0
DA:10022,0
DA:10023,0
DA:10024,0
DA:10025,0
DA:10026,0
DA:10027,0
DA:10028,0
DA:10029,0
DA:10034,0
DA:10035,0
DA:10036,0
DA:10037,0
DA:10038,0
DA:10039,0
DA:10040,0
DA:10041,0
DA:10042,0
DA:10043,0
DA:10044,0
DA:10045,0
DA:10046,0
DA:10047,0
DA:10052,0
DA:10053,0
DA:10054,0
DA:10059,0
DA:10060,0
DA:10061,0
DA:10062,0
DA:10063,0
DA:10064,0
DA:10065,0
DA:10066,0
DA:10067,0
DA:10068,0
DA:10069,0
DA:10070,0
DA:10071,0
DA:10072,0
DA:10077,0
DA:10078,0
DA:10079,0
DA:10080,0
DA:10081,0
DA:10082,0
DA:10083,0
DA:10084,0
DA:10085,0
[...]
DA:18,0
DA:22,0
DA:24,0
DA:25,0
DA:26,0
DA:27,0
DA:28,0
DA:31,0
DA:33,0
DA:34,0
DA:39,0
DA:41,0
DA:43,0
DA:44,0
DA:45,0
DA:51,0
DA:53,0
DA:54,0
DA:57,0
DA:59,0
DA:60,0
DA:61,0
DA:66,0
DA:67,0
DA:81,0
DA:83,0
DA:84,0
DA:85,0
DA:86,0
DA:87,0
DA:88,0
DA:89,0
DA:90,0
DA:91,0
DA:93,0
DA:94,0
DA:95,0
DA:96,0
DA:97,0
DA:98,0
DA:100,0
DA:101,0
DA:102,0
DA:104,0
DA:106,0
DA:109,0
DA:111,0
DA:112,0
DA:113,0
DA:115,0
DA:117,0
DA:118,0
DA:119,0
DA:120,0
DA:121,0
DA:133,0
DA:134,0
DA:135,0
LF:60
LH:1
end_of_record
SF:lib/ui/transfer/transfer_screen.dart
DA:26,0
DA:28,0
DA:30,0
DA:31,0
DA:39,0
DA:41,0
DA:42,0
DA:43,0
DA:44,0
DA:48,0
DA:51,0
DA:53,0
DA:54,0
DA:55,0
DA:56,0
DA:57,0
DA:61,0
DA:63,0
DA:65,0
DA:66,0
DA:71,0
DA:73,0
DA:74,0
DA:77,0
DA:79,0
DA:80,0
DA:81,0
DA:86,0
DA:87,0
DA:104,0
DA:105,0
DA:106,0
DA:107,0
DA:109,0
DA:110,0
DA:111,0
DA:113,0
DA:114,0
DA:119,0
DA:122,0
DA:123,0
DA:124,0
DA:125,0
DA:127,0
DA:131,0
DA:133,0
DA:134,0
DA:135,0
DA:139,0
DA:140,0
DA:143,0
DA:144,0
DA:145,0
DA:147,0
DA:148,0
DA:149,0
DA:150,0
DA:153,0
DA:158,0
DA:159,0
DA:160,0
DA:161,0
DA:163,0
DA:164,0
DA:165,0
DA:167,0
DA:168,0
DA:169,0
DA:171,0
DA:172,0
DA:173,0
DA:175,0
DA:181,0
DA:184,0
DA:189,0
DA:190,0
DA:206,0
DA:208,0
DA:209,0
DA:210,0
DA:214,0
DA:215,0
DA:216,0
DA:217,0
DA:218,0
DA:219,0
DA:220,0
DA:221,0
DA:222,0
DA:223,0
DA:224,0
DA:227,0
DA:228,0
DA:229,0
DA:230,0
DA:232,0
DA:233,0
DA:234,0
DA:239,0
DA:241,0
DA:242,0
DA:248,0
DA:249,0
DA:251,0
DA:254,0
DA:262,0
DA:263,0
DA:264,0
DA:265,0
DA:266,0
DA:281,0
DA:282,0
DA:283,0
DA:284,0
DA:285,0
DA:286,0
DA:288,0
DA:289,0
DA:291,0
DA:293,0
DA:295,0
DA:296,0
DA:305,0
DA:306,0
DA:308,0
DA:329,0
DA:331,0
DA:332,0
DA:333,0
DA:334,0
DA:335,0
DA:336,0
DA:339,0
DA:342,0
DA:343,0
DA:344,0
DA:345,0
DA:347,0
DA:349,0
DA:350,0
DA:351,0
DA:353,0
DA:357,0
DA:359,0
DA:360,0
DA:362,0
DA:365,0
LF:147
LH:0
end_of_record
SF:lib/ui/webview/web_view_screen.dart
DA:11,0
DA:12,0
DA:14,0
DA:15,0
DA:19,0
DA:21,0
DA:22,0
DA:23,0
DA:24,0
DA:32,0
DA:33,0
DA:34,0
DA:40,0
DA:41,0
DA:42,0
LF:15
LH:0
end_of_record
SF:lib/ui/home/home_screen.dart
DA:42,0
DA:44,0
DA:45,0
DA:63,0
DA:65,0
DA:66,0
DA:67,0
DA:68,0
DA:69,0
DA:70,0
DA:71,0
DA:75,0
DA:76,0
DA:77,0
DA:78,0
DA:79,0
DA:80,0
DA:81,0
DA:82,0
DA:83,0
DA:84,0
DA:85,0
DA:87,0
DA:89,0
DA:92,0
DA:93,0
DA:94,0
DA:96,0
DA:97,0
DA:98,0
DA:99,0
DA:100,0
DA:101,0
DA:102,0
DA:103,0
DA:104,0
DA:109,0
DA:112,0
DA:113,0
DA:115,0
DA:117,0
DA:118,0
DA:120,0
DA:122,0
DA:126,0
DA:128,0
DA:130,0
DA:131,0
DA:132,0
DA:133,0
DA:138,0
DA:140,0
DA:141,0
DA:142,0
DA:143,0
DA:144,0
DA:145,0
DA:146,0
DA:147,0
DA:148,0
DA:149,0
DA:150,0
DA:151,0
DA:152,0
DA:153,0
DA:154,0
DA:155,0
DA:157,0
DA:158,0
DA:159,0
DA:160,0
DA:161,0
DA:162,0
DA:163,0
DA:164,0
DA:165,0
DA:166,0
DA:167,0
DA:168,0
DA:169,0
DA:170,0
DA:172,0
DA:175,0
DA:176,0
DA:177,0
DA:178,0
DA:180,0
DA:181,0
DA:183,0
DA:186,0
DA:188,0
DA:189,0
DA:190,0
DA:191,0
DA:192,0
DA:193,0
DA:195,0
DA:196,0
DA:197,0
DA:198,0
DA:199,0
DA:200,0
DA:201,0
DA:202,0
DA:203,0
DA:204,0
DA:205,0
DA:206,0
DA:207,0
DA:208,0
DA:210,0
DA:212,0
DA:213,0
DA:214,0
DA:215,0
DA:217,0
DA:218,0
DA:221,0
DA:222,0
DA:223,0
DA:224,0
DA:225,0
DA:226,0
DA:227,0
DA:229,0
DA:230,0
DA:231,0
DA:232,0
DA:233,0
DA:250,0
DA:251,0
DA:255,0
DA:257,0
DA:258,0
DA:259,0
DA:261,0
DA:263,0
DA:264,0
DA:265,0
DA:271,0
DA:272,0
DA:273,0
DA:281,0
DA:282,0
DA:283,0
DA:284,0
DA:285,0
DA:288,0
DA:289,0
DA:290,0
DA:292,0
DA:294,0
DA:295,0
DA:296,0
DA:298,0
DA:300,0
DA:301,0
DA:302,0
DA:305,0
DA:307,0
DA:308,0
DA:311,0
DA:317,0
DA:318,0
DA:327,0
DA:329,0
DA:334,0
DA:336,0
DA:337,0
DA:340,0
DA:341,0
DA:343,0
DA:348,0
DA:349,0
DA:361,0
DA:362,0
DA:363,0
DA:369,0
DA:370,0
DA:371,0
DA:379,0
DA:380,0
DA:381,0
DA:382,0
DA:383,0
DA:384,0
DA:385,0
DA:386,0
DA:387,0
DA:388,0
DA:389,0
DA:392,0
DA:394,0
DA:395,0
DA:396,0
DA:398,0
DA:399,0
DA:400,0
DA:403,0
DA:404,0
DA:406,0
DA:408,0
DA:409,0
DA:410,0
DA:411,0
DA:412,0
DA:414,0
DA:415,0
DA:416,0
DA:417,0
DA:419,0
DA:420,0
DA:424,0
DA:425,0
DA:427,0
DA:428,0
DA:429,0
DA:431,0
DA:432,0
DA:438,0
DA:439,0
DA:440,0
DA:441,0
DA:442,0
DA:443,0
DA:447,0
DA:448,0
DA:449,0
DA:451,0
DA:454,0
DA:457,0
DA:463,0
DA:464,0
DA:465,0
DA:466,0
DA:467,0
DA:468,0
DA:469,0
DA:475,0
DA:476,0
DA:477,0
DA:478,0
DA:479,0
DA:480,0
DA:481,0
DA:482,0
DA:483,0
DA:496,0
DA:497,0
DA:498,0
DA:499,0
DA:500,0
DA:501,0
DA:504,0
DA:505,0
DA:514,0
DA:515,0
DA:516,0
DA:518,0
DA:521,0
DA:522,0
DA:523,0
DA:524,0
DA:526,0
DA:527,0
DA:528,0
DA:533,0
DA:534,0
DA:538,0
DA:539,0
DA:546,0
DA:549,0
DA:550,0
DA:551,0
DA:552,0
DA:558,0
DA:559,0
DA:560,0
DA:564,0
DA:565,0
DA:567,0
DA:568,0
DA:569,0
DA:570,0
DA:581,0
DA:582,0
DA:583,0
DA:592,0
DA:593,0
DA:594,0
DA:600,0
DA:601,0
DA:603,0
DA:605,0
DA:606,0
DA:607,0
DA:608,0
DA:611,0
DA:613,0
DA:614,0
DA:626,0
DA:627,0
DA:628,0
DA:637,0
DA:638,0
DA:639,0
DA:645,0
DA:646,0
DA:647,0
DA:648,0
DA:658,0
DA:659,0
DA:660,0
DA:676,0
DA:692,0
DA:694,0
DA:695,0
DA:696,0
LF:318
LH:0
end_of_record
SF:lib/ui/login-screen/login_screen.dart
DA:17,1
DA:19,0
DA:20,0
DA:28,0
DA:30,0
DA:31,0
DA:32,0
DA:33,0
DA:35,0
DA:36,0
DA:37,0
DA:38,0
DA:40,0
DA:42,0
DA:43,0
DA:47,0
DA:49,0
DA:50,0
DA:51,0
DA:59,0
DA:60,0
DA:63,0
DA:64,0
DA:65,0
DA:66,0
DA:67,0
DA:69,0
DA:70,0
DA:71,0
DA:72,0
DA:74,0
DA:77,0
DA:83,0
DA:84,0
DA:89,0
DA:92,0
DA:93,0
DA:98,0
DA:108,0
DA:113,0
DA:115,0
DA:116,0
DA:117,0
DA:118,0
DA:121,0
DA:130,0
DA:131,0
DA:134,0
DA:137,0
DA:139,0
DA:140,0
DA:141,0
DA:142,0
DA:143,0
DA:144,0
DA:147,0
DA:148,0
DA:151,0
DA:152,0
DA:153,0
DA:154,0
DA:157,0
DA:175,0
DA:176,0
DA:192,0
DA:194,0
DA:195,0
DA:197,0
DA:198,0
DA:217,0
DA:218,0
DA:221,0
DA:222,0
DA:223,0
DA:224,0
DA:226,0
DA:228,0
DA:229,0
DA:230,0
DA:231,0
DA:232,0
DA:233,0
DA:235,0
DA:236,0
DA:238,0
DA:239,0
DA:247,0
DA:248,0
DA:249,0
DA:250,0
DA:274,0
DA:276,0
DA:277,0
DA:278,0
DA:279,0
DA:280,0
DA:281,0
DA:282,0
DA:284,0
DA:286,0
DA:289,0
DA:290,0
DA:291,0
DA:293,0
DA:295,0
DA:299,0
DA:300,0
DA:317,0
DA:319,0
DA:320,0
LF:110
LH:1
end_of_record
SF:lib/ui/swap_screen/swap_screen.dart
DA:25,1
DA:27,0
DA:28,0
DA:44,0
DA:45,0
DA:47,0
DA:48,0
DA:50,0
DA:52,0
DA:53,0
DA:54,0
DA:55,0
DA:56,0
DA:58,0
DA:65,0
DA:66,0
DA:68,0
DA:72,0
DA:73,0
DA:74,0
DA:76,0
DA:77,0
DA:83,0
DA:84,0
DA:90,0
DA:91,0
DA:92,0
DA:93,0
DA:94,0
DA:97,0
DA:98,0
DA:99,0
DA:100,0
DA:101,0
DA:102,0
DA:104,0
DA:107,0
DA:108,0
DA:109,0
DA:124,0
DA:125,0
DA:126,0
DA:127,0
DA:128,0
DA:129,0
DA:131,0
DA:132,0
DA:133,0
DA:134,0
DA:136,0
DA:137,0
DA:138,0
DA:140,0
DA:141,0
DA:142,0
DA:143,0
DA:144,0
DA:145,0
DA:146,0
DA:147,0
DA:148,0
DA:152,0
DA:155,0
DA:158,0
DA:161,0
DA:162,0
DA:163,0
DA:164,0
DA:165,0
DA:166,0
DA:180,0
DA:183,0
DA:184,0
DA:185,0
DA:186,0
DA:187,0
DA:188,0
DA:190,0
DA:193,0
DA:194,0
DA:195,0
DA:196,0
DA:199,0
DA:201,0
DA:202,0
DA:203,0
DA:204,0
DA:205,0
DA:207,0
DA:208,0
DA:209,0
DA:210,0
DA:212,0
DA:213,0
DA:215,0
DA:216,0
DA:218,0
DA:220,0
DA:222,0
DA:223,0
DA:225,0
DA:226,0
DA:227,0
DA:228,0
DA:229,0
DA:230,0
DA:234,0
DA:235,0
DA:236,0
DA:237,0
DA:238,0
DA:239,0
DA:240,0
DA:241,0
DA:242,0
DA:245,0
DA:249,0
DA:251,0
DA:252,0
DA:253,0
DA:254,0
DA:256,0
DA:258,0
DA:262,0
DA:264,0
DA:266,0
DA:267,0
DA:272,0
DA:274,0
DA:275,0
DA:278,0
DA:280,0
DA:281,0
DA:282,0
DA:287,0
DA:288,0
DA:299,0
DA:300,0
DA:301,0
DA:302,0
DA:303,0
DA:305,0
DA:306,0
DA:308,0
DA:309,0
DA:314,0
DA:315,0
DA:320,0
DA:322,0
DA:324,0
DA:325,0
DA:326,0
DA:328,0
DA:331,0
DA:333,0
DA:334,0
DA:336,0
DA:337,0
DA:338,0
DA:339,0
DA:340,0
DA:341,0
DA:358,0
DA:360,0
DA:369,0
DA:370,0
DA:371,0
DA:383,0
DA:384,0
DA:385,0
DA:387,0
DA:389,0
DA:391,0
DA:392,0
DA:394,0
DA:395,0
DA:396,0
DA:397,0
DA:398,0
DA:410,0
DA:411,0
DA:412,0
DA:413,0
DA:414,0
DA:415,0
DA:416,0
DA:417,0
LF:187
LH:1
end_of_record
SF:lib/ui/token/token_tab.dart
DA:17,0
DA:22,0
DA:24,0
DA:25,0
DA:56,0
DA:58,0
DA:59,0
DA:60,0
DA:61,0
DA:62,0
DA:63,0
DA:64,0
DA:65,0
DA:66,0
DA:67,0
DA:68,0
DA:69,0
DA:70,0
DA:71,0
DA:72,0
DA:73,0
DA:74,0
DA:75,0
DA:76,0
DA:78,0
DA:79,0
DA:80,0
DA:81,0
DA:82,0
DA:83,0
DA:85,0
DA:86,0
DA:87,0
DA:88,0
DA:89,0
DA:91,0
DA:100,0
DA:101,0
DA:102,0
DA:126,0
DA:128,0
DA:129,0
LF:42
LH:0
end_of_record
SF:lib/ui/onboard/component/create-password/bloc/create_wallet_cubit.dart
DA:21,0
DA:28,0
DA:29,0
DA:30,0
DA:31,0
DA:35,3
DA:36,0
DA:38,0
DA:39,0
DA:41,0
DA:45,0
DA:46,0
DA:48,0
DA:49,0
DA:50,0
DA:51,0
DA:52,0
DA:53,0
DA:54,0
DA:58,0
DA:59,0
DA:60,0
DA:61,0
DA:63,0
DA:65,0
DA:66,0
DA:67,0
DA:68,0
DA:69,0
LF:29
LH:1
end_of_record
SF:lib/ui/screens/create_wallet_screen.dart
DA:17,1
DA:19,0
DA:20,0
DA:28,0
DA:29,0
DA:30,0
DA:34,0
DA:35,0
DA:36,0
DA:40,0
DA:41,0
DA:42,0
DA:46,0
DA:48,0
DA:49,0
DA:50,0
DA:51,0
DA:52,0
DA:54,0
DA:56,0
DA:57,0
DA:79,0
DA:80,0
DA:81,0
DA:82,0
DA:83,0
DA:84,0
DA:86,0
DA:87,0
DA:88,0
DA:90,0
DA:91,0
DA:92,0
DA:93,0
DA:94,0
DA:95,0
DA:98,0
DA:99,0
DA:100,0
DA:101,0
DA:103,0
DA:104,0
DA:105,0
DA:106,0
DA:107,0
DA:108,0
DA:109,0
LF:47
LH:1
end_of_record
SF:lib/ui/onboard/component/circle_stepper.dart
DA:10,0
DA:12,0
DA:13,0
DA:17,0
DA:19,0
DA:21,0
DA:22,0
DA:23,0
DA:25,0
DA:27,0
DA:34,0
DA:35,0
DA:36,0
DA:37,0
DA:38,0
DA:41,0
DA:42,0
DA:45,0
DA:46,0
DA:52,0
DA:53,0
DA:55,0
DA:57,0
DA:65,0
DA:66,0
DA:67,0
DA:69,0
DA:75,0
DA:76,0
DA:78,0
DA:79,0
DA:80,0
DA:83,0
DA:84,0
DA:87,0
DA:88,0
DA:94,0
DA:95,0
DA:97,0
DA:99,0
DA:107,0
DA:108,0
DA:109,0
DA:111,0
DA:117,0
DA:118,0
DA:120,0
DA:121,0
DA:122,0
DA:125,0
DA:127,0
DA:128,0
DA:134,0
DA:135,0
DA:137,0
DA:139,0
DA:147,0
DA:148,0
DA:149,0
DA:151,0
LF:60
LH:0
end_of_record
SF:lib/ui/onboard/component/confirm-passphrase/confirm_passphrase.dart
DA:15,0
DA:17,0
DA:19,0
DA:20,0
DA:34,0
DA:36,0
DA:39,0
DA:40,0
DA:41,0
DA:43,0
DA:48,0
DA:50,0
DA:51,0
DA:53,0
DA:56,0
DA:58,0
DA:59,0
DA:60,0
DA:61,0
DA:62,0
DA:64,0
DA:65,0
DA:69,0
DA:71,0
DA:72,0
DA:79,0
DA:82,0
DA:83,0
DA:84,0
DA:85,0
DA:86,0
DA:87,0
DA:95,0
DA:96,0
DA:98,0
DA:99,0
DA:100,0
DA:101,0
DA:104,0
DA:105,0
DA:106,0
DA:108,0
DA:109,0
DA:110,0
DA:117,0
DA:119,0
DA:120,0
DA:121,0
DA:122,0
DA:123,0
DA:124,0
DA:125,0
DA:126,0
DA:130,0
DA:137,0
DA:138,0
DA:140,0
DA:141,0
DA:142,0
DA:143,0
DA:144,0
DA:145,0
DA:146,0
DA:147,0
DA:148,0
DA:149,0
DA:151,0
DA:152,0
DA:153,0
DA:154,0
DA:158,0
DA:159,0
DA:160,0
DA:161,0
DA:162,0
DA:163,0
DA:164,0
DA:165,0
DA:168,0
DA:170,0
DA:173,0
DA:174,0
DA:175,0
DA:176,0
DA:178,0
DA:179,0
DA:181,0
DA:182,0
DA:185,0
DA:186,0
DA:187,0
DA:196,0
DA:197,0
DA:200,0
DA:201,0
DA:202,0
DA:203,0
DA:205,0
DA:207,0
DA:209,0
DA:212,0
DA:214,0
DA:215,0
DA:217,0
DA:218,0
DA:220,0
DA:221,0
DA:223,0
DA:224,0
DA:225,0
DA:226,0
DA:234,0
LF:112
LH:0
end_of_record
SF:lib/ui/onboard/component/create-password/create_password_component.dart
DA:10,0
DA:12,0
DA:14,0
DA:15,0
DA:27,0
DA:29,0
DA:30,0
DA:31,0
DA:32,0
DA:33,0
DA:37,0
DA:38,0
DA:44,0
DA:46,0
DA:47,0
DA:56,0
DA:58,0
DA:60,0
DA:61,0
DA:62,0
DA:65,0
DA:66,0
DA:67,0
DA:68,0
DA:71,0
DA:77,0
DA:79,0
DA:80,0
DA:81,0
DA:82,0
DA:83,0
DA:85,0
DA:86,0
DA:91,0
DA:104,0
DA:106,0
DA:107,0
DA:108,0
DA:115,0
DA:117,0
DA:118,0
DA:119,0
DA:120,0
DA:121,0
DA:123,0
DA:124,0
DA:129,0
DA:142,0
DA:144,0
DA:145,0
DA:146,0
DA:153,0
DA:155,0
DA:156,0
DA:157,0
DA:159,0
DA:160,0
DA:161,0
DA:162,0
DA:166,0
DA:167,0
DA:168,0
DA:169,0
DA:170,0
DA:175,0
DA:176,0
DA:177,0
DA:178,0
DA:179,0
DA:180,0
DA:181,0
DA:200,0
DA:201,0
DA:202,0
DA:203,0
DA:204,0
DA:205,0
DA:211,0
DA:212,0
DA:213,0
LF:80
LH:0
end_of_record
SF:lib/ui/onboard/component/setup-passpharse/setup_passphrase_screen.dart
DA:13,0
DA:15,0
DA:17,0
DA:18,0
DA:25,0
DA:27,0
DA:29,0
DA:31,0
DA:32,0
DA:33,0
DA:34,0
DA:36,0
DA:39,0
DA:41,0
DA:43,0
DA:44,0
DA:48,0
DA:49,0
DA:55,0
DA:56,0
DA:63,0
DA:64,0
DA:65,0
DA:67,0
DA:68,0
DA:71,0
DA:72,0
DA:76,0
DA:77,0
DA:85,0
DA:86,0
DA:94,0
DA:95,0
DA:103,0
DA:105,0
DA:107,0
DA:108,0
DA:111,0
DA:112,0
DA:116,0
DA:117,0
DA:118,0
DA:121,0
DA:122,0
DA:136,0
DA:137,0
DA:140,0
DA:141,0
DA:142,0
DA:143,0
DA:144,0
DA:145,0
DA:153,0
DA:154,0
DA:156,0
DA:159,0
DA:160,0
DA:162,0
DA:163,0
DA:164,0
DA:165,0
DA:174,0
DA:176,0
DA:177,0
DA:178,0
DA:179,0
DA:180,0
LF:67
LH:0
end_of_record
SF:lib/utils/spaces.dart
DA:4,1
DA:6,1
DA:14,1
DA:17,1
DA:20,1
DA:23,1
DA:26,1
DA:29,1
DA:32,1
DA:35,1
DA:39,1
LF:11
LH:11
end_of_record
SF:lib/ui/scan/scanner_screen.dart
DA:6,0
DA:8,0
DA:9,0
DA:14,0
DA:16,0
DA:18,0
DA:19,0
DA:21,0
DA:29,0
DA:33,0
DA:34,0
DA:35,0
DA:36,0
DA:37,0
DA:39,0
LF:15
LH:0
end_of_record
SF:lib/utils/update_utils.dart
DA:11,1
DA:13,1
DA:14,0
DA:15,0
DA:16,0
DA:19,0
DA:21,0
DA:23,0
DA:25,0
DA:26,0
DA:30,0
DA:32,0
DA:33,0
DA:35,0
DA:43,0
DA:44,0
DA:47,1
DA:48,0
DA:49,0
DA:50,0
DA:51,0
DA:54,0
DA:56,0
DA:58,0
DA:61,0
DA:67,0
DA:68,0
DA:73,0
DA:76,0
DA:77,0
DA:82,0
DA:92,0
DA:97,0
DA:99,0
DA:100,0
DA:101,0
DA:102,0
DA:105,0
DA:114,0
DA:115,0
DA:119,0
LF:41
LH:3
end_of_record
SF:lib/ui/setttings/general_settings_screen/general_settings_screen.dart
DA:12,1
DA:14,0
DA:15,0
DA:22,0
DA:24,0
DA:25,0
DA:26,0
DA:29,0
DA:30,0
DA:31,0
DA:35,0
DA:38,0
DA:40,0
DA:41,0
DA:42,0
DA:43,0
DA:52,0
DA:53,0
DA:54,0
DA:57,0
DA:59,0
DA:60,0
DA:65,0
DA:67,0
DA:69,0
DA:70,0
DA:71,0
DA:82,0
DA:84,0
DA:86,0
DA:88,0
DA:89,0
DA:96,0
DA:100,0
DA:101,0
DA:102,0
DA:103,0
DA:104,0
DA:106,0
DA:107,0
DA:108,0
DA:109,0
DA:111,0
DA:112,0
DA:113,0
DA:114,0
DA:116,0
DA:118,0
DA:119,0
DA:121,0
DA:122,0
DA:123,0
DA:124,0
DA:132,0
DA:133,0
DA:140,0
DA:144,0
DA:145,0
DA:147,0
DA:148,0
DA:149,0
DA:150,0
DA:152,0
DA:154,0
DA:155,0
DA:156,0
DA:157,0
DA:159,0
DA:160,0
DA:161,0
DA:162,0
DA:163,0
DA:164,0
LF:73
LH:1
end_of_record
SF:lib/ui/setttings/security_settings_screen/security_settings_screen.dart
DA:12,1
DA:14,0
DA:15,0
DA:20,0
DA:22,0
DA:23,0
DA:24,0
DA:25,0
DA:26,0
DA:29,0
DA:31,0
DA:32,0
DA:37,0
DA:39,0
DA:41,0
DA:42,0
DA:43,0
DA:54,0
DA:56,0
DA:58,0
DA:60,0
DA:61,0
DA:68,0
DA:69,0
DA:70,0
DA:71,0
DA:72,0
DA:73,0
DA:74,0
DA:75,0
DA:76,0
DA:81,0
DA:82,0
DA:83,0
DA:86,0
DA:87,0
DA:88,0
DA:89,0
DA:90,0
DA:91,0
LF:40
LH:1
end_of_record
SF:lib/ui/swap_confirm_screen.dart/swap_confirm_screen.dart
DA:30,0
DA:37,0
DA:39,0
DA:40,0
DA:52,0
DA:53,0
DA:55,0
DA:56,0
DA:57,0
DA:58,0
DA:60,0
DA:61,0
DA:63,0
DA:64,0
DA:65,0
DA:66,0
DA:67,0
DA:68,0
DA:71,0
DA:72,0
DA:75,0
DA:77,0
DA:78,0
DA:79,0
DA:80,0
DA:81,0
DA:82,0
DA:83,0
DA:84,0
DA:88,0
DA:89,0
DA:92,0
DA:95,0
DA:97,0
DA:98,0
DA:99,0
DA:100,0
DA:101,0
DA:102,0
DA:103,0
DA:105,0
DA:106,0
DA:108,0
DA:109,0
DA:110,0
DA:113,0
DA:114,0
DA:116,0
DA:118,0
DA:122,0
DA:124,0
DA:126,0
DA:132,0
DA:134,0
DA:135,0
DA:138,0
DA:140,0
DA:141,0
DA:142,0
DA:147,0
DA:148,0
DA:159,0
DA:160,0
DA:161,0
DA:162,0
DA:163,0
DA:165,0
DA:166,0
DA:174,0
DA:175,0
DA:179,0
DA:180,0
DA:181,0
DA:186,0
DA:188,0
DA:190,0
DA:194,0
DA:196,0
DA:197,0
DA:199,0
DA:200,0
DA:202,0
DA:203,0
DA:208,0
DA:209,0
DA:225,0
DA:226,0
DA:233,0
DA:234,0
DA:245,0
DA:246,0
DA:248,0
DA:251,0
DA:253,0
DA:254,0
DA:256,0
DA:257,0
DA:259,0
DA:260,0
DA:265,0
DA:266,0
DA:282,0
DA:283,0
DA:288,0
DA:289,0
DA:290,0
DA:333,0
DA:334,0
DA:336,0
DA:337,0
DA:338,0
DA:341,0
DA:342,0
DA:343,0
DA:346,0
DA:347,0
DA:348,0
DA:351,0
DA:352,0
DA:353,0
DA:356,0
DA:357,0
DA:358,0
DA:359,0
DA:360,0
DA:361,0
DA:365,0
DA:367,0
DA:368,0
DA:369,0
DA:370,0
DA:371,0
DA:373,0
DA:374,0
DA:375,0
DA:376,0
DA:378,0
DA:380,0
DA:382,0
DA:383,0
DA:391,0
DA:402,0
DA:420,0
DA:422,0
DA:423,0
LF:145
LH:0
end_of_record
SF:lib/ui/transaction-history/widget/token_transaction_tile.dart
DA:17,0
DA:18,0
DA:20,0
DA:21,0
DA:25,0
DA:27,0
DA:28,0
DA:29,0
DA:30,0
DA:31,0
DA:32,0
DA:34,0
DA:35,0
DA:36,0
DA:37,0
DA:38,0
DA:40,0
DA:41,0
DA:42,0
DA:43,0
DA:44,0
DA:45,0
DA:46,0
DA:49,0
DA:50,0
DA:54,0
DA:55,0
DA:56,0
DA:64,0
DA:65,0
DA:66,0
DA:68,0
DA:70,0
DA:73,0
DA:77,0
DA:80,0
DA:81,0
DA:84,0
DA:87,0
DA:88,0
DA:105,0
DA:108,0
DA:109,0
DA:112,0
DA:115,0
DA:117,0
DA:118,0
DA:119,0
DA:134,0
DA:145,0
DA:148,0
DA:149,0
DA:150,0
DA:151,0
DA:153,0
DA:157,0
DA:161,0
DA:162,0
DA:163,0
DA:166,0
DA:171,0
DA:172,0
DA:173,0
DA:174,0
DA:178,0
DA:187,0
DA:190,0
DA:191,0
DA:192,0
DA:193,0
DA:194,0
DA:195,0
DA:196,0
DA:209,0
DA:210,0
DA:212,0
DA:214,0
DA:215,0
DA:216,0
DA:220,0
DA:222,0
DA:223,0
DA:226,0
DA:228,0
DA:229,0
DA:230,0
DA:232,0
DA:233,0
DA:234,0
DA:235,0
DA:236,0
DA:245,0
DA:246,0
DA:248,0
DA:249,0
DA:251,0
DA:252,0
DA:253,0
DA:254,0
DA:255,0
DA:256,0
DA:257,0
DA:260,0
DA:261,0
DA:264,0
DA:265,0
DA:283,0
DA:284,0
DA:290,0
DA:291,0
DA:293,0
LF:111
LH:0
end_of_record
SF:lib/ui/transaction-history/widget/transaction_tile.dart
DA:19,0
DA:20,0
DA:22,0
DA:23,0
DA:29,0
DA:31,0
DA:34,0
DA:36,0
DA:37,0
DA:38,0
DA:39,0
DA:40,0
DA:41,0
DA:43,0
DA:44,0
DA:45,0
DA:46,0
DA:47,0
DA:49,0
DA:50,0
DA:51,0
DA:52,0
DA:53,0
DA:54,0
DA:55,0
DA:58,0
DA:59,0
DA:63,0
DA:64,0
DA:65,0
DA:73,0
DA:74,0
DA:75,0
DA:77,0
DA:79,0
DA:82,0
DA:86,0
DA:89,0
DA:90,0
DA:93,0
DA:96,0
DA:113,0
DA:116,0
DA:117,0
DA:120,0
DA:123,0
DA:125,0
DA:126,0
DA:127,0
DA:142,0
DA:153,0
DA:156,0
DA:157,0
DA:158,0
DA:159,0
DA:161,0
DA:165,0
DA:169,0
DA:170,0
DA:171,0
DA:174,0
DA:179,0
DA:180,0
DA:181,0
DA:182,0
DA:186,0
DA:195,0
DA:198,0
DA:199,0
DA:200,0
DA:201,0
DA:202,0
DA:203,0
DA:204,0
DA:217,0
DA:218,0
DA:220,0
DA:222,0
DA:223,0
DA:224,0
DA:228,0
DA:230,0
DA:231,0
DA:234,0
DA:236,0
DA:237,0
DA:238,0
DA:240,0
DA:241,0
DA:242,0
DA:243,0
DA:244,0
DA:253,0
DA:254,0
DA:256,0
DA:257,0
DA:259,0
DA:260,0
DA:261,0
DA:262,0
DA:263,0
DA:264,0
DA:265,0
DA:268,0
DA:269,0
DA:272,0
DA:290,0
DA:291,0
DA:297,0
DA:298,0
DA:300,0
LF:111
LH:0
end_of_record
SF:lib/ui/token/component/custom_token.dart
DA:16,0
DA:19,0
DA:21,0
DA:22,0
DA:30,0
DA:32,0
DA:33,0
DA:35,0
DA:38,0
DA:40,0
DA:41,0
DA:42,0
DA:43,0
DA:44,0
DA:46,0
DA:50,0
DA:51,0
DA:52,0
DA:53,0
DA:54,0
DA:56,0
DA:57,0
DA:58,0
DA:59,0
DA:63,0
DA:65,0
DA:66,0
DA:67,0
DA:68,0
DA:69,0
DA:70,0
DA:72,0
DA:77,0
DA:78,0
DA:79,0
DA:81,0
DA:83,0
DA:87,0
DA:91,0
DA:92,0
DA:93,0
DA:94,0
DA:95,0
DA:97,0
DA:105,0
DA:106,0
DA:107,0
DA:108,0
DA:115,0
DA:117,0
DA:118,0
DA:122,0
DA:124,0
DA:126,0
DA:127,0
DA:128,0
DA:129,0
DA:130,0
DA:132,0
DA:133,0
DA:134,0
DA:153,0
DA:155,0
DA:156,0
DA:160,0
DA:162,0
DA:163,0
DA:164,0
DA:165,0
DA:166,0
DA:168,0
DA:169,0
DA:170,0
DA:189,0
DA:191,0
DA:192,0
DA:196,0
DA:198,0
DA:199,0
DA:200,0
DA:201,0
DA:202,0
DA:204,0
DA:205,0
DA:206,0
DA:225,0
DA:226,0
DA:227,0
DA:228,0
DA:229,0
DA:230,0
DA:231,0
DA:232,0
DA:233,0
DA:235,0
LF:95
LH:0
end_of_record
SF:lib/ui/token/component/import_token.dart
DA:12,1
DA:14,0
DA:15,0
DA:22,0
DA:24,0
DA:25,0
DA:28,0
DA:30,0
DA:31,0
DA:32,0
DA:33,0
DA:34,0
DA:37,0
DA:39,0
DA:40,0
DA:45,0
DA:47,0
DA:49,0
DA:50,0
DA:51,0
DA:56,0
DA:58,0
DA:59,0
DA:62,0
DA:63,0
DA:64,0
DA:65,0
DA:66,0
DA:71,0
DA:72,0
DA:73,0
DA:74,0
DA:88,0
DA:89,0
DA:90,0
DA:91,0
DA:94,0
DA:106,0
DA:107,0
DA:109,0
DA:110,0
LF:41
LH:1
end_of_record
SF:lib/ui/token/component/search_import_token.dart
DA:14,1
DA:16,0
DA:17,0
DA:24,0
DA:26,0
DA:27,0
DA:30,0
DA:32,0
DA:33,0
DA:34,0
DA:35,0
DA:36,0
DA:38,0
DA:42,0
DA:44,0
DA:45,0
DA:53,0
DA:54,0
DA:55,0
DA:56,0
DA:57,0
DA:58,0
DA:60,0
DA:61,0
DA:62,0
DA:64,0
DA:65,0
DA:66,0
DA:67,0
DA:68,0
DA:69,0
DA:74,0
DA:77,0
DA:78,0
DA:79,0
DA:80,0
DA:84,0
DA:87,0
DA:89,0
DA:91,0
DA:97,0
DA:98,0
DA:99,0
DA:100,0
DA:101,0
DA:102,0
DA:103,0
DA:108,0
DA:109,0
DA:112,0
DA:113,0
DA:114,0
DA:115,0
DA:116,0
DA:117,0
DA:118,0
DA:119,0
DA:120,0
DA:121,0
DA:122,0
DA:123,0
DA:133,0
DA:134,0
LF:63
LH:1
end_of_record
SF:lib/ui/token/component/import_token_tile.dart
DA:7,1
DA:9,0
DA:11,0
DA:15,0
DA:19,0
DA:20,0
DA:21,0
DA:23,0
DA:24,0
LF:9
LH:1
end_of_record
SF:lib/ui/token/component/token_tile.dart
DA:12,0
DA:20,0
DA:22,0
DA:23,0
DA:27,0
DA:29,0
DA:30,0
DA:32,0
DA:34,0
DA:36,0
DA:37,0
DA:40,0
DA:41,0
LF:13
LH:0
end_of_record
SF:lib/ui/transfer/component/receiver_address_suggest_widget.dart
DA:13,0
DA:18,0
DA:20,0
DA:22,0
DA:23,0
DA:24,0
DA:25,0
DA:26,0
DA:27,0
DA:29,0
DA:30,0
DA:31,0
DA:35,0
DA:38,0
DA:39,0
DA:43,0
DA:44,0
DA:48,0
DA:49,0
DA:51,0
DA:52,0
DA:53,0
DA:54,0
DA:56,0
DA:57,0
DA:58,0
DA:59,0
DA:60,0
DA:69,0
DA:70,0
DA:71,0
DA:73,0
DA:74,0
DA:78,0
DA:81,0
DA:82,0
DA:86,0
DA:87,0
DA:91,0
DA:92,0
DA:93,0
DA:94,0
DA:96,0
DA:97,0
DA:98,0
DA:99,0
DA:101,0
DA:102,0
DA:103,0
DA:104,0
DA:107,0
DA:108,0
DA:109,0
DA:111,0
DA:116,0
DA:117,0
LF:56
LH:0
end_of_record
